edge_im_array_pix nums:228484
contours_img_pix nums:685452
_url_contours num:6
[[[375 241]]

 [[374 242]]

 [[370 242]]

 [[369 243]]

 [[367 243]]

 [[366 244]]

 [[364 244]]

 [[363 245]]

 [[361 245]]

 [[360 246]]

 [[359 246]]

 [[358 247]]

 [[357 247]]

 [[355 249]]

 [[354 249]]

 [[350 253]]

 [[349 253]]

 [[345 257]]

 [[345 258]]

 [[342 261]]

 [[342 262]]

 [[340 264]]

 [[340 265]]

 [[339 266]]

 [[339 267]]

 [[338 268]]

 [[338 269]]

 [[337 270]]

 [[337 273]]

 [[336 274]]

 [[336 276]]

 [[335 277]]

 [[335 281]]

 [[334 282]]

 [[334 295]]

 [[335 296]]

 [[335 300]]

 [[336 301]]

 [[336 303]]

 [[337 304]]

 [[337 306]]

 [[338 307]]

 [[338 309]]

 [[339 310]]

 [[339 311]]

 [[341 313]]

 [[341 314]]

 [[343 316]]

 [[343 317]]

 [[353 327]]

 [[354 327]]

 [[356 329]]

 [[357 329]]

 [[358 330]]

 [[359 330]]

 [[360 331]]

 [[361 331]]

 [[362 332]]

 [[364 332]]

 [[365 333]]

 [[366 333]]

 [[367 334]]

 [[370 334]]

 [[371 335]]

 [[376 335]]

 [[377 336]]

 [[386 336]]

 [[387 335]]

 [[392 335]]

 [[393 334]]

 [[395 334]]

 [[396 333]]

 [[398 333]]

 [[399 332]]

 [[400 332]]

 [[401 331]]

 [[403 331]]

 [[404 330]]

 [[405 330]]

 [[407 328]]

 [[408 328]]

 [[410 326]]

 [[411 326]]

 [[418 319]]

 [[418 318]]

 [[421 315]]

 [[421 314]]

 [[422 313]]

 [[422 312]]

 [[423 311]]

 [[423 310]]

 [[424 309]]

 [[424 308]]

 [[425 307]]

 [[425 306]]

 [[426 305]]

 [[426 303]]

 [[427 302]]

 [[427 299]]

 [[428 298]]

 [[428 291]]

 [[429 290]]

 [[427 288]]

 [[416 288]]

 [[415 289]]

 [[415 291]]

 [[414 292]]

 [[414 297]]

 [[413 298]]

 [[413 300]]

 [[412 301]]

 [[412 302]]

 [[411 303]]

 [[411 304]]

 [[409 306]]

 [[409 307]]

 [[400 316]]

 [[399 316]]

 [[397 318]]

 [[396 318]]

 [[395 319]]

 [[394 319]]

 [[393 320]]

 [[391 320]]

 [[390 321]]

 [[386 321]]

 [[385 322]]

 [[377 322]]

 [[376 321]]

 [[372 321]]

 [[371 320]]

 [[369 320]]

 [[367 318]]

 [[366 318]]

 [[365 317]]

 [[364 317]]

 [[362 315]]

 [[361 315]]

 [[354 308]]

 [[354 307]]

 [[352 305]]

 [[352 304]]

 [[351 303]]

 [[351 301]]

 [[349 299]]

 [[349 296]]

 [[348 295]]

 [[348 282]]

 [[349 281]]

 [[349 278]]

 [[350 277]]

 [[350 276]]

 [[351 275]]

 [[351 274]]

 [[352 273]]

 [[352 272]]

 [[354 270]]

 [[354 269]]

 [[362 261]]

 [[363 261]]

 [[365 259]]

 [[366 259]]

 [[367 258]]

 [[368 258]]

 [[369 257]]

 [[371 257]]

 [[372 256]]

 [[375 256]]

 [[376 255]]

 [[475 255]]

 [[476 256]]

 [[476 255]]

 [[376 255]]

 [[375 256]]

 [[372 256]]

 [[371 257]]

 [[369 257]]

 [[368 258]]

 [[366 258]]

 [[365 259]]

 [[364 259]]

 [[362 261]]

 [[361 261]]

 [[354 268]]

 [[354 269]]

 [[352 271]]

 [[352 272]]

 [[351 273]]

 [[351 275]]

 [[350 276]]

 [[350 277]]

 [[349 278]]

 [[349 281]]

 [[348 282]]

 [[348 295]]

 [[349 296]]

 [[349 299]]

 [[350 300]]

 [[350 301]]

 [[351 302]]

 [[351 304]]

 [[352 305]]

 [[352 306]]

 [[354 308]]

 [[354 309]]

 [[360 315]]

 [[361 315]]

 [[363 317]]

 [[364 317]]

 [[365 318]]

 [[366 318]]

 [[367 319]]

 [[368 319]]

 [[369 320]]

 [[371 320]]

 [[372 321]]

 [[376 321]]

 [[377 322]]

 [[385 322]]

 [[386 321]]

 [[390 321]]

 [[391 320]]

 [[394 320]]

 [[395 319]]

 [[396 319]]

 [[397 318]]

 [[398 318]]

 [[400 316]]

 [[401 316]]

 [[409 308]]

 [[409 307]]

 [[411 305]]

 [[411 303]]

 [[412 302]]

 [[412 301]]

 [[413 300]]

 [[413 298]]

 [[414 297]]

 [[414 292]]

 [[415 291]]

 [[415 289]]

 [[416 288]]

 [[427 288]]

 [[429 290]]

 [[428 291]]

 [[428 298]]

 [[427 299]]

 [[427 302]]

 [[426 303]]

 [[426 305]]

 [[425 306]]

 [[425 307]]

 [[423 309]]

 [[423 310]]

 [[422 311]]

 [[422 312]]

 [[421 313]]

 [[421 314]]

 [[418 317]]

 [[418 318]]

 [[410 326]]

 [[409 326]]

 [[407 328]]

 [[406 328]]

 [[404 330]]

 [[403 330]]

 [[402 331]]

 [[401 331]]

 [[400 332]]

 [[399 332]]

 [[398 333]]

 [[396 333]]

 [[395 334]]

 [[393 334]]

 [[392 335]]

 [[387 335]]

 [[386 336]]

 [[377 336]]

 [[376 335]]

 [[371 335]]

 [[370 334]]

 [[367 334]]

 [[366 333]]

 [[365 333]]

 [[364 332]]

 [[362 332]]

 [[360 330]]

 [[359 330]]

 [[358 329]]

 [[357 329]]

 [[355 327]]

 [[354 327]]

 [[343 316]]

 [[343 315]]

 [[341 313]]

 [[341 312]]

 [[339 310]]

 [[339 309]]

 [[338 308]]

 [[338 307]]

 [[337 306]]

 [[337 304]]

 [[336 303]]

 [[336 301]]

 [[335 300]]

 [[335 296]]

 [[334 295]]

 [[334 282]]

 [[335 281]]

 [[335 277]]

 [[336 276]]

 [[336 274]]

 [[337 273]]

 [[337 271]]

 [[338 270]]

 [[338 269]]

 [[339 268]]

 [[339 267]]

 [[340 266]]

 [[340 265]]

 [[342 263]]

 [[342 262]]

 [[345 259]]

 [[345 258]]

 [[350 253]]

 [[351 253]]

 [[355 249]]

 [[356 249]]

 [[358 247]]

 [[359 247]]

 [[360 246]]

 [[361 246]]

 [[362 245]]

 [[363 245]]

 [[364 244]]

 [[366 244]]

 [[367 243]]

 [[369 243]]

 [[370 242]]

 [[374 242]]

 [[375 241]]

 [[476 241]]]
[[[476 225]]]
[[[239 152]]

 [[238 153]]

 [[235 153]]

 [[234 154]]

 [[232 154]]

 [[231 155]]

 [[229 155]]

 [[228 156]]

 [[227 156]]

 [[225 158]]

 [[224 158]]

 [[218 164]]

 [[218 165]]

 [[217 166]]

 [[217 167]]

 [[216 168]]

 [[216 169]]

 [[215 170]]

 [[215 171]]

 [[214 172]]

 [[214 175]]

 [[213 176]]

 [[213 188]]

 [[214 189]]

 [[214 191]]

 [[215 192]]

 [[215 194]]

 [[216 195]]

 [[216 196]]

 [[217 197]]

 [[217 198]]

 [[219 200]]

 [[219 201]]

 [[223 205]]

 [[224 205]]

 [[227 208]]

 [[228 208]]

 [[230 210]]

 [[230 211]]

 [[229 212]]

 [[229 223]]

 [[228 224]]

 [[228 236]]

 [[227 237]]

 [[227 250]]

 [[226 251]]

 [[226 262]]

 [[225 263]]

 [[225 275]]

 [[224 276]]

 [[224 288]]

 [[223 289]]

 [[223 300]]

 [[222 301]]

 [[222 313]]

 [[221 314]]

 [[221 326]]

 [[220 327]]

 [[220 339]]

 [[219 340]]

 [[219 352]]

 [[266 352]]

 [[266 345]]

 [[265 344]]

 [[265 334]]

 [[264 333]]

 [[264 323]]

 [[263 322]]

 [[263 311]]

 [[262 310]]

 [[262 301]]

 [[261 300]]

 [[261 289]]

 [[260 288]]

 [[260 278]]

 [[259 277]]

 [[259 267]]

 [[258 266]]

 [[258 256]]

 [[257 255]]

 [[257 245]]

 [[256 244]]

 [[256 234]]

 [[255 233]]

 [[255 222]]

 [[254 221]]

 [[254 210]]

 [[256 208]]

 [[257 208]]

 [[258 207]]

 [[259 207]]

 [[262 204]]

 [[263 204]]

 [[265 202]]

 [[265 201]]

 [[267 199]]

 [[267 198]]

 [[269 196]]

 [[269 194]]

 [[270 193]]

 [[270 192]]

 [[271 191]]

 [[271 188]]

 [[272 187]]

 [[272 177]]

 [[271 176]]

 [[271 173]]

 [[270 172]]

 [[270 171]]

 [[269 170]]

 [[269 168]]

 [[268 167]]

 [[268 166]]

 [[265 163]]

 [[265 162]]

 [[262 159]]

 [[261 159]]

 [[258 156]]

 [[257 156]]

 [[256 155]]

 [[254 155]]

 [[253 154]]

 [[251 154]]

 [[250 153]]

 [[246 153]]

 [[245 152]]]
[[[372  78]]

 [[371  79]]

 [[366  79]]

 [[365  80]]

 [[363  80]]

 [[362  81]]

 [[360  81]]

 [[359  82]]

 [[357  82]]

 [[356  83]]

 [[354  83]]

 [[353  84]]

 [[352  84]]

 [[351  85]]

 [[350  85]]

 [[349  86]]

 [[348  86]]

 [[346  88]]

 [[345  88]]

 [[343  90]]

 [[342  90]]

 [[330 102]]

 [[330 103]]

 [[328 105]]

 [[328 106]]

 [[326 108]]

 [[326 109]]

 [[325 110]]

 [[325 111]]

 [[324 112]]

 [[324 113]]

 [[323 114]]

 [[323 115]]

 [[322 116]]

 [[322 118]]

 [[321 119]]

 [[321 121]]

 [[320 122]]

 [[320 124]]

 [[319 125]]

 [[319 129]]

 [[318 130]]

 [[318 139]]

 [[317 140]]

 [[318 141]]

 [[318 151]]

 [[319 152]]

 [[319 155]]

 [[320 156]]

 [[320 159]]

 [[321 160]]

 [[321 162]]

 [[322 163]]

 [[322 164]]

 [[323 165]]

 [[323 167]]

 [[324 168]]

 [[324 169]]

 [[325 170]]

 [[325 171]]

 [[326 172]]

 [[326 173]]

 [[328 175]]

 [[328 176]]

 [[331 179]]

 [[331 180]]

 [[341 190]]

 [[342 190]]

 [[344 192]]

 [[345 192]]

 [[347 194]]

 [[348 194]]

 [[349 195]]

 [[350 195]]

 [[351 196]]

 [[352 196]]

 [[353 197]]

 [[354 197]]

 [[355 198]]

 [[357 198]]

 [[358 199]]

 [[359 199]]

 [[360 200]]

 [[362 200]]

 [[363 201]]

 [[367 201]]

 [[368 202]]

 [[373 202]]

 [[374 203]]

 [[386 203]]

 [[387 202]]

 [[392 202]]

 [[393 201]]

 [[396 201]]

 [[397 200]]

 [[400 200]]

 [[401 199]]

 [[402 199]]

 [[403 198]]

 [[405 198]]

 [[406 197]]

 [[407 197]]

 [[408 196]]

 [[409 196]]

 [[410 195]]

 [[411 195]]

 [[412 194]]

 [[413 194]]

 [[415 192]]

 [[416 192]]

 [[419 189]]

 [[420 189]]

 [[428 181]]

 [[428 180]]

 [[429 179]]

 [[429 177]]

 [[426 174]]

 [[425 174]]

 [[422 171]]

 [[421 171]]

 [[420 170]]

 [[418 170]]

 [[408 180]]

 [[407 180]]

 [[405 182]]

 [[404 182]]

 [[403 183]]

 [[402 183]]

 [[400 185]]

 [[398 185]]

 [[397 186]]

 [[396 186]]

 [[395 187]]

 [[392 187]]

 [[391 188]]

 [[387 188]]

 [[386 189]]

 [[374 189]]

 [[373 188]]

 [[369 188]]

 [[368 187]]

 [[365 187]]

 [[364 186]]

 [[362 186]]

 [[360 184]]

 [[359 184]]

 [[358 183]]

 [[357 183]]

 [[356 182]]

 [[355 182]]

 [[353 180]]

 [[352 180]]

 [[349 177]]

 [[348 177]]

 [[344 173]]

 [[344 172]]

 [[340 168]]

 [[340 167]]

 [[338 165]]

 [[338 164]]

 [[336 162]]

 [[336 160]]

 [[335 159]]

 [[335 158]]

 [[334 157]]

 [[334 155]]

 [[333 154]]

 [[333 151]]

 [[332 150]]

 [[332 143]]

 [[331 142]]

 [[332 141]]

 [[332 140]]

 [[331 139]]

 [[332 138]]

 [[332 131]]

 [[333 130]]

 [[333 127]]

 [[334 126]]

 [[334 124]]

 [[335 123]]

 [[335 122]]

 [[336 121]]

 [[336 120]]

 [[337 119]]

 [[337 118]]

 [[338 117]]

 [[338 116]]

 [[339 115]]

 [[339 114]]

 [[342 111]]

 [[342 110]]

 [[349 103]]

 [[350 103]]

 [[353 100]]

 [[354 100]]

 [[356  98]]

 [[357  98]]

 [[358  97]]

 [[359  97]]

 [[360  96]]

 [[361  96]]

 [[362  95]]

 [[363  95]]

 [[364  94]]

 [[367  94]]

 [[368  93]]

 [[371  93]]

 [[372  92]]

 [[379  92]]

 [[380  91]]

 [[380  78]]]
[[[104  78]]

 [[104  92]]

 [[111  92]]

 [[112  93]]

 [[116  93]]

 [[117  94]]

 [[119  94]]

 [[120  95]]

 [[121  95]]

 [[122  96]]

 [[123  96]]

 [[124  97]]

 [[125  97]]

 [[126  98]]

 [[127  98]]

 [[128  99]]

 [[129  99]]

 [[132 102]]

 [[133 102]]

 [[142 111]]

 [[142 112]]

 [[144 114]]

 [[144 115]]

 [[146 117]]

 [[146 118]]

 [[147 119]]

 [[147 120]]

 [[148 121]]

 [[148 122]]

 [[149 123]]

 [[149 125]]

 [[150 126]]

 [[150 128]]

 [[151 129]]

 [[151 134]]

 [[152 135]]

 [[152 146]]

 [[151 147]]

 [[151 152]]

 [[150 153]]

 [[150 155]]

 [[149 156]]

 [[149 158]]

 [[148 159]]

 [[148 160]]

 [[147 161]]

 [[147 162]]

 [[145 164]]

 [[145 165]]

 [[144 166]]

 [[144 167]]

 [[141 170]]

 [[141 171]]

 [[133 179]]

 [[132 179]]

 [[130 181]]

 [[129 181]]

 [[127 183]]

 [[126 183]]

 [[125 184]]

 [[124 184]]

 [[123 185]]

 [[122 185]]

 [[121 186]]

 [[119 186]]

 [[118 187]]

 [[116 187]]

 [[115 188]]

 [[110 188]]

 [[109 189]]

 [[ 97 189]]

 [[ 96 188]]

 [[ 92 188]]

 [[ 91 187]]

 [[ 89 187]]

 [[ 88 186]]

 [[ 86 186]]

 [[ 85 185]]

 [[ 84 185]]

 [[ 83 184]]

 [[ 82 184]]

 [[ 81 183]]

 [[ 80 183]]

 [[ 78 181]]

 [[ 77 181]]

 [[ 75 179]]

 [[ 74 179]]

 [[ 65 170]]

 [[ 63 170]]

 [[ 61 172]]

 [[ 60 172]]

 [[ 57 175]]

 [[ 56 175]]

 [[ 54 177]]

 [[ 54 179]]

 [[ 58 183]]

 [[ 58 184]]

 [[ 61 187]]

 [[ 62 187]]

 [[ 66 191]]

 [[ 67 191]]

 [[ 69 193]]

 [[ 70 193]]

 [[ 72 195]]

 [[ 73 195]]

 [[ 74 196]]

 [[ 76 196]]

 [[ 78 198]]

 [[ 80 198]]

 [[ 81 199]]

 [[ 83 199]]

 [[ 84 200]]

 [[ 86 200]]

 [[ 87 201]]

 [[ 90 201]]

 [[ 91 202]]

 [[ 96 202]]

 [[ 97 203]]

 [[109 203]]

 [[110 202]]

 [[116 202]]

 [[117 201]]

 [[120 201]]

 [[121 200]]

 [[123 200]]

 [[124 199]]

 [[126 199]]

 [[127 198]]

 [[129 198]]

 [[130 197]]

 [[131 197]]

 [[132 196]]

 [[133 196]]

 [[134 195]]

 [[135 195]]

 [[137 193]]

 [[138 193]]

 [[141 190]]

 [[142 190]]

 [[153 179]]

 [[153 178]]

 [[156 175]]

 [[156 174]]

 [[157 173]]

 [[157 172]]

 [[159 170]]

 [[159 169]]

 [[160 168]]

 [[160 166]]

 [[161 165]]

 [[161 164]]

 [[162 163]]

 [[162 161]]

 [[163 160]]

 [[163 158]]

 [[164 157]]

 [[164 153]]

 [[165 152]]

 [[165 147]]

 [[166 146]]

 [[166 135]]

 [[165 134]]

 [[165 128]]

 [[164 127]]

 [[164 124]]

 [[163 123]]

 [[163 121]]

 [[162 120]]

 [[162 118]]

 [[161 117]]

 [[161 115]]

 [[159 113]]

 [[159 111]]

 [[158 110]]

 [[158 109]]

 [[156 107]]

 [[156 106]]

 [[154 104]]

 [[154 103]]

 [[151 100]]

 [[151  99]]

 [[145  93]]

 [[144  93]]

 [[140  89]]

 [[139  89]]

 [[137  87]]

 [[136  87]]

 [[135  86]]

 [[134  86]]

 [[133  85]]

 [[132  85]]

 [[131  84]]

 [[130  84]]

 [[129  83]]

 [[127  83]]

 [[126  82]]

 [[125  82]]

 [[124  81]]

 [[122  81]]

 [[121  80]]

 [[118  80]]

 [[117  79]]

 [[112  79]]

 [[111  78]]]
[[[195   8]]

 [[194   9]]

 [[190   9]]

 ..., 
 [[204   9]]

 [[202   9]]

 [[201   8]]]
****************************************************************************************************
edge_im_array_pix nums:228484
contours_img_pix nums:685452
_url_contours num:6
[[[375 241]]

 [[374 242]]

 [[370 242]]

 [[369 243]]

 [[367 243]]

 [[366 244]]

 [[364 244]]

 [[363 245]]

 [[361 245]]

 [[360 246]]

 [[359 246]]

 [[358 247]]

 [[357 247]]

 [[355 249]]

 [[354 249]]

 [[350 253]]

 [[349 253]]

 [[345 257]]

 [[345 258]]

 [[342 261]]

 [[342 262]]

 [[340 264]]

 [[340 265]]

 [[339 266]]

 [[339 267]]

 [[338 268]]

 [[338 269]]

 [[337 270]]

 [[337 273]]

 [[336 274]]

 [[336 276]]

 [[335 277]]

 [[335 281]]

 [[334 282]]

 [[334 295]]

 [[335 296]]

 [[335 300]]

 [[336 301]]

 [[336 303]]

 [[337 304]]

 [[337 306]]

 [[338 307]]

 [[338 309]]

 [[339 310]]

 [[339 311]]

 [[341 313]]

 [[341 314]]

 [[343 316]]

 [[343 317]]

 [[353 327]]

 [[354 327]]

 [[356 329]]

 [[357 329]]

 [[358 330]]

 [[359 330]]

 [[360 331]]

 [[361 331]]

 [[362 332]]

 [[364 332]]

 [[365 333]]

 [[366 333]]

 [[367 334]]

 [[370 334]]

 [[371 335]]

 [[376 335]]

 [[377 336]]

 [[386 336]]

 [[387 335]]

 [[392 335]]

 [[393 334]]

 [[395 334]]

 [[396 333]]

 [[398 333]]

 [[399 332]]

 [[400 332]]

 [[401 331]]

 [[403 331]]

 [[404 330]]

 [[405 330]]

 [[407 328]]

 [[408 328]]

 [[410 326]]

 [[411 326]]

 [[418 319]]

 [[418 318]]

 [[421 315]]

 [[421 314]]

 [[422 313]]

 [[422 312]]

 [[423 311]]

 [[423 310]]

 [[424 309]]

 [[424 308]]

 [[425 307]]

 [[425 306]]

 [[426 305]]

 [[426 303]]

 [[427 302]]

 [[427 299]]

 [[428 298]]

 [[428 291]]

 [[429 290]]

 [[427 288]]

 [[416 288]]

 [[415 289]]

 [[415 291]]

 [[414 292]]

 [[414 297]]

 [[413 298]]

 [[413 300]]

 [[412 301]]

 [[412 302]]

 [[411 303]]

 [[411 304]]

 [[409 306]]

 [[409 307]]

 [[400 316]]

 [[399 316]]

 [[397 318]]

 [[396 318]]

 [[395 319]]

 [[394 319]]

 [[393 320]]

 [[391 320]]

 [[390 321]]

 [[386 321]]

 [[385 322]]

 [[377 322]]

 [[376 321]]

 [[372 321]]

 [[371 320]]

 [[369 320]]

 [[367 318]]

 [[366 318]]

 [[365 317]]

 [[364 317]]

 [[362 315]]

 [[361 315]]

 [[354 308]]

 [[354 307]]

 [[352 305]]

 [[352 304]]

 [[351 303]]

 [[351 301]]

 [[349 299]]

 [[349 296]]

 [[348 295]]

 [[348 282]]

 [[349 281]]

 [[349 278]]

 [[350 277]]

 [[350 276]]

 [[351 275]]

 [[351 274]]

 [[352 273]]

 [[352 272]]

 [[354 270]]

 [[354 269]]

 [[362 261]]

 [[363 261]]

 [[365 259]]

 [[366 259]]

 [[367 258]]

 [[368 258]]

 [[369 257]]

 [[371 257]]

 [[372 256]]

 [[375 256]]

 [[376 255]]

 [[475 255]]

 [[476 256]]

 [[476 255]]

 [[376 255]]

 [[375 256]]

 [[372 256]]

 [[371 257]]

 [[369 257]]

 [[368 258]]

 [[366 258]]

 [[365 259]]

 [[364 259]]

 [[362 261]]

 [[361 261]]

 [[354 268]]

 [[354 269]]

 [[352 271]]

 [[352 272]]

 [[351 273]]

 [[351 275]]

 [[350 276]]

 [[350 277]]

 [[349 278]]

 [[349 281]]

 [[348 282]]

 [[348 295]]

 [[349 296]]

 [[349 299]]

 [[350 300]]

 [[350 301]]

 [[351 302]]

 [[351 304]]

 [[352 305]]

 [[352 306]]

 [[354 308]]

 [[354 309]]

 [[360 315]]

 [[361 315]]

 [[363 317]]

 [[364 317]]

 [[365 318]]

 [[366 318]]

 [[367 319]]

 [[368 319]]

 [[369 320]]

 [[371 320]]

 [[372 321]]

 [[376 321]]

 [[377 322]]

 [[385 322]]

 [[386 321]]

 [[390 321]]

 [[391 320]]

 [[394 320]]

 [[395 319]]

 [[396 319]]

 [[397 318]]

 [[398 318]]

 [[400 316]]

 [[401 316]]

 [[409 308]]

 [[409 307]]

 [[411 305]]

 [[411 303]]

 [[412 302]]

 [[412 301]]

 [[413 300]]

 [[413 298]]

 [[414 297]]

 [[414 292]]

 [[415 291]]

 [[415 289]]

 [[416 288]]

 [[427 288]]

 [[429 290]]

 [[428 291]]

 [[428 298]]

 [[427 299]]

 [[427 302]]

 [[426 303]]

 [[426 305]]

 [[425 306]]

 [[425 307]]

 [[423 309]]

 [[423 310]]

 [[422 311]]

 [[422 312]]

 [[421 313]]

 [[421 314]]

 [[418 317]]

 [[418 318]]

 [[410 326]]

 [[409 326]]

 [[407 328]]

 [[406 328]]

 [[404 330]]

 [[403 330]]

 [[402 331]]

 [[401 331]]

 [[400 332]]

 [[399 332]]

 [[398 333]]

 [[396 333]]

 [[395 334]]

 [[393 334]]

 [[392 335]]

 [[387 335]]

 [[386 336]]

 [[377 336]]

 [[376 335]]

 [[371 335]]

 [[370 334]]

 [[367 334]]

 [[366 333]]

 [[365 333]]

 [[364 332]]

 [[362 332]]

 [[360 330]]

 [[359 330]]

 [[358 329]]

 [[357 329]]

 [[355 327]]

 [[354 327]]

 [[343 316]]

 [[343 315]]

 [[341 313]]

 [[341 312]]

 [[339 310]]

 [[339 309]]

 [[338 308]]

 [[338 307]]

 [[337 306]]

 [[337 304]]

 [[336 303]]

 [[336 301]]

 [[335 300]]

 [[335 296]]

 [[334 295]]

 [[334 282]]

 [[335 281]]

 [[335 277]]

 [[336 276]]

 [[336 274]]

 [[337 273]]

 [[337 271]]

 [[338 270]]

 [[338 269]]

 [[339 268]]

 [[339 267]]

 [[340 266]]

 [[340 265]]

 [[342 263]]

 [[342 262]]

 [[345 259]]

 [[345 258]]

 [[350 253]]

 [[351 253]]

 [[355 249]]

 [[356 249]]

 [[358 247]]

 [[359 247]]

 [[360 246]]

 [[361 246]]

 [[362 245]]

 [[363 245]]

 [[364 244]]

 [[366 244]]

 [[367 243]]

 [[369 243]]

 [[370 242]]

 [[374 242]]

 [[375 241]]

 [[476 241]]]
[[[476 225]]]
[[[239 152]]

 [[238 153]]

 [[235 153]]

 [[234 154]]

 [[232 154]]

 [[231 155]]

 [[229 155]]

 [[228 156]]

 [[227 156]]

 [[225 158]]

 [[224 158]]

 [[218 164]]

 [[218 165]]

 [[217 166]]

 [[217 167]]

 [[216 168]]

 [[216 169]]

 [[215 170]]

 [[215 171]]

 [[214 172]]

 [[214 175]]

 [[213 176]]

 [[213 188]]

 [[214 189]]

 [[214 191]]

 [[215 192]]

 [[215 194]]

 [[216 195]]

 [[216 196]]

 [[217 197]]

 [[217 198]]

 [[219 200]]

 [[219 201]]

 [[223 205]]

 [[224 205]]

 [[227 208]]

 [[228 208]]

 [[230 210]]

 [[230 211]]

 [[229 212]]

 [[229 223]]

 [[228 224]]

 [[228 236]]

 [[227 237]]

 [[227 250]]

 [[226 251]]

 [[226 262]]

 [[225 263]]

 [[225 275]]

 [[224 276]]

 [[224 288]]

 [[223 289]]

 [[223 300]]

 [[222 301]]

 [[222 313]]

 [[221 314]]

 [[221 326]]

 [[220 327]]

 [[220 339]]

 [[219 340]]

 [[219 352]]

 [[266 352]]

 [[266 345]]

 [[265 344]]

 [[265 334]]

 [[264 333]]

 [[264 323]]

 [[263 322]]

 [[263 311]]

 [[262 310]]

 [[262 301]]

 [[261 300]]

 [[261 289]]

 [[260 288]]

 [[260 278]]

 [[259 277]]

 [[259 267]]

 [[258 266]]

 [[258 256]]

 [[257 255]]

 [[257 245]]

 [[256 244]]

 [[256 234]]

 [[255 233]]

 [[255 222]]

 [[254 221]]

 [[254 210]]

 [[256 208]]

 [[257 208]]

 [[258 207]]

 [[259 207]]

 [[262 204]]

 [[263 204]]

 [[265 202]]

 [[265 201]]

 [[267 199]]

 [[267 198]]

 [[269 196]]

 [[269 194]]

 [[270 193]]

 [[270 192]]

 [[271 191]]

 [[271 188]]

 [[272 187]]

 [[272 177]]

 [[271 176]]

 [[271 173]]

 [[270 172]]

 [[270 171]]

 [[269 170]]

 [[269 168]]

 [[268 167]]

 [[268 166]]

 [[265 163]]

 [[265 162]]

 [[262 159]]

 [[261 159]]

 [[258 156]]

 [[257 156]]

 [[256 155]]

 [[254 155]]

 [[253 154]]

 [[251 154]]

 [[250 153]]

 [[246 153]]

 [[245 152]]]
[[[372  78]]

 [[371  79]]

 [[366  79]]

 [[365  80]]

 [[363  80]]

 [[362  81]]

 [[360  81]]

 [[359  82]]

 [[357  82]]

 [[356  83]]

 [[354  83]]

 [[353  84]]

 [[352  84]]

 [[351  85]]

 [[350  85]]

 [[349  86]]

 [[348  86]]

 [[346  88]]

 [[345  88]]

 [[343  90]]

 [[342  90]]

 [[330 102]]

 [[330 103]]

 [[328 105]]

 [[328 106]]

 [[326 108]]

 [[326 109]]

 [[325 110]]

 [[325 111]]

 [[324 112]]

 [[324 113]]

 [[323 114]]

 [[323 115]]

 [[322 116]]

 [[322 118]]

 [[321 119]]

 [[321 121]]

 [[320 122]]

 [[320 124]]

 [[319 125]]

 [[319 129]]

 [[318 130]]

 [[318 139]]

 [[317 140]]

 [[318 141]]

 [[318 151]]

 [[319 152]]

 [[319 155]]

 [[320 156]]

 [[320 159]]

 [[321 160]]

 [[321 162]]

 [[322 163]]

 [[322 164]]

 [[323 165]]

 [[323 167]]

 [[324 168]]

 [[324 169]]

 [[325 170]]

 [[325 171]]

 [[326 172]]

 [[326 173]]

 [[328 175]]

 [[328 176]]

 [[331 179]]

 [[331 180]]

 [[341 190]]

 [[342 190]]

 [[344 192]]

 [[345 192]]

 [[347 194]]

 [[348 194]]

 [[349 195]]

 [[350 195]]

 [[351 196]]

 [[352 196]]

 [[353 197]]

 [[354 197]]

 [[355 198]]

 [[357 198]]

 [[358 199]]

 [[359 199]]

 [[360 200]]

 [[362 200]]

 [[363 201]]

 [[367 201]]

 [[368 202]]

 [[373 202]]

 [[374 203]]

 [[386 203]]

 [[387 202]]

 [[392 202]]

 [[393 201]]

 [[396 201]]

 [[397 200]]

 [[400 200]]

 [[401 199]]

 [[402 199]]

 [[403 198]]

 [[405 198]]

 [[406 197]]

 [[407 197]]

 [[408 196]]

 [[409 196]]

 [[410 195]]

 [[411 195]]

 [[412 194]]

 [[413 194]]

 [[415 192]]

 [[416 192]]

 [[419 189]]

 [[420 189]]

 [[428 181]]

 [[428 180]]

 [[429 179]]

 [[429 177]]

 [[426 174]]

 [[425 174]]

 [[422 171]]

 [[421 171]]

 [[420 170]]

 [[418 170]]

 [[408 180]]

 [[407 180]]

 [[405 182]]

 [[404 182]]

 [[403 183]]

 [[402 183]]

 [[400 185]]

 [[398 185]]

 [[397 186]]

 [[396 186]]

 [[395 187]]

 [[392 187]]

 [[391 188]]

 [[387 188]]

 [[386 189]]

 [[374 189]]

 [[373 188]]

 [[369 188]]

 [[368 187]]

 [[365 187]]

 [[364 186]]

 [[362 186]]

 [[360 184]]

 [[359 184]]

 [[358 183]]

 [[357 183]]

 [[356 182]]

 [[355 182]]

 [[353 180]]

 [[352 180]]

 [[349 177]]

 [[348 177]]

 [[344 173]]

 [[344 172]]

 [[340 168]]

 [[340 167]]

 [[338 165]]

 [[338 164]]

 [[336 162]]

 [[336 160]]

 [[335 159]]

 [[335 158]]

 [[334 157]]

 [[334 155]]

 [[333 154]]

 [[333 151]]

 [[332 150]]

 [[332 143]]

 [[331 142]]

 [[332 141]]

 [[332 140]]

 [[331 139]]

 [[332 138]]

 [[332 131]]

 [[333 130]]

 [[333 127]]

 [[334 126]]

 [[334 124]]

 [[335 123]]

 [[335 122]]

 [[336 121]]

 [[336 120]]

 [[337 119]]

 [[337 118]]

 [[338 117]]

 [[338 116]]

 [[339 115]]

 [[339 114]]

 [[342 111]]

 [[342 110]]

 [[349 103]]

 [[350 103]]

 [[353 100]]

 [[354 100]]

 [[356  98]]

 [[357  98]]

 [[358  97]]

 [[359  97]]

 [[360  96]]

 [[361  96]]

 [[362  95]]

 [[363  95]]

 [[364  94]]

 [[367  94]]

 [[368  93]]

 [[371  93]]

 [[372  92]]

 [[379  92]]

 [[380  91]]

 [[380  78]]]
[[[104  78]]

 [[104  92]]

 [[111  92]]

 [[112  93]]

 [[116  93]]

 [[117  94]]

 [[119  94]]

 [[120  95]]

 [[121  95]]

 [[122  96]]

 [[123  96]]

 [[124  97]]

 [[125  97]]

 [[126  98]]

 [[127  98]]

 [[128  99]]

 [[129  99]]

 [[132 102]]

 [[133 102]]

 [[142 111]]

 [[142 112]]

 [[144 114]]

 [[144 115]]

 [[146 117]]

 [[146 118]]

 [[147 119]]

 [[147 120]]

 [[148 121]]

 [[148 122]]

 [[149 123]]

 [[149 125]]

 [[150 126]]

 [[150 128]]

 [[151 129]]

 [[151 134]]

 [[152 135]]

 [[152 146]]

 [[151 147]]

 [[151 152]]

 [[150 153]]

 [[150 155]]

 [[149 156]]

 [[149 158]]

 [[148 159]]

 [[148 160]]

 [[147 161]]

 [[147 162]]

 [[145 164]]

 [[145 165]]

 [[144 166]]

 [[144 167]]

 [[141 170]]

 [[141 171]]

 [[133 179]]

 [[132 179]]

 [[130 181]]

 [[129 181]]

 [[127 183]]

 [[126 183]]

 [[125 184]]

 [[124 184]]

 [[123 185]]

 [[122 185]]

 [[121 186]]

 [[119 186]]

 [[118 187]]

 [[116 187]]

 [[115 188]]

 [[110 188]]

 [[109 189]]

 [[ 97 189]]

 [[ 96 188]]

 [[ 92 188]]

 [[ 91 187]]

 [[ 89 187]]

 [[ 88 186]]

 [[ 86 186]]

 [[ 85 185]]

 [[ 84 185]]

 [[ 83 184]]

 [[ 82 184]]

 [[ 81 183]]

 [[ 80 183]]

 [[ 78 181]]

 [[ 77 181]]

 [[ 75 179]]

 [[ 74 179]]

 [[ 65 170]]

 [[ 63 170]]

 [[ 61 172]]

 [[ 60 172]]

 [[ 57 175]]

 [[ 56 175]]

 [[ 54 177]]

 [[ 54 179]]

 [[ 58 183]]

 [[ 58 184]]

 [[ 61 187]]

 [[ 62 187]]

 [[ 66 191]]

 [[ 67 191]]

 [[ 69 193]]

 [[ 70 193]]

 [[ 72 195]]

 [[ 73 195]]

 [[ 74 196]]

 [[ 76 196]]

 [[ 78 198]]

 [[ 80 198]]

 [[ 81 199]]

 [[ 83 199]]

 [[ 84 200]]

 [[ 86 200]]

 [[ 87 201]]

 [[ 90 201]]

 [[ 91 202]]

 [[ 96 202]]

 [[ 97 203]]

 [[109 203]]

 [[110 202]]

 [[116 202]]

 [[117 201]]

 [[120 201]]

 [[121 200]]

 [[123 200]]

 [[124 199]]

 [[126 199]]

 [[127 198]]

 [[129 198]]

 [[130 197]]

 [[131 197]]

 [[132 196]]

 [[133 196]]

 [[134 195]]

 [[135 195]]

 [[137 193]]

 [[138 193]]

 [[141 190]]

 [[142 190]]

 [[153 179]]

 [[153 178]]

 [[156 175]]

 [[156 174]]

 [[157 173]]

 [[157 172]]

 [[159 170]]

 [[159 169]]

 [[160 168]]

 [[160 166]]

 [[161 165]]

 [[161 164]]

 [[162 163]]

 [[162 161]]

 [[163 160]]

 [[163 158]]

 [[164 157]]

 [[164 153]]

 [[165 152]]

 [[165 147]]

 [[166 146]]

 [[166 135]]

 [[165 134]]

 [[165 128]]

 [[164 127]]

 [[164 124]]

 [[163 123]]

 [[163 121]]

 [[162 120]]

 [[162 118]]

 [[161 117]]

 [[161 115]]

 [[159 113]]

 [[159 111]]

 [[158 110]]

 [[158 109]]

 [[156 107]]

 [[156 106]]

 [[154 104]]

 [[154 103]]

 [[151 100]]

 [[151  99]]

 [[145  93]]

 [[144  93]]

 [[140  89]]

 [[139  89]]

 [[137  87]]

 [[136  87]]

 [[135  86]]

 [[134  86]]

 [[133  85]]

 [[132  85]]

 [[131  84]]

 [[130  84]]

 [[129  83]]

 [[127  83]]

 [[126  82]]

 [[125  82]]

 [[124  81]]

 [[122  81]]

 [[121  80]]

 [[118  80]]

 [[117  79]]

 [[112  79]]

 [[111  78]]]
[[[195   8]]

 [[194   9]]

 [[190   9]]

 ..., 
 [[204   9]]

 [[202   9]]

 [[201   8]]]
****************************************************************************************************
edge_im_array_pix nums:228484
contours_img_pix nums:685452
_url_contours num:6
[[[375 241]]

 [[374 242]]

 [[370 242]]

 [[369 243]]

 [[367 243]]

 [[366 244]]

 [[364 244]]

 [[363 245]]

 [[361 245]]

 [[360 246]]

 [[359 246]]

 [[358 247]]

 [[357 247]]

 [[355 249]]

 [[354 249]]

 [[350 253]]

 [[349 253]]

 [[345 257]]

 [[345 258]]

 [[342 261]]

 [[342 262]]

 [[340 264]]

 [[340 265]]

 [[339 266]]

 [[339 267]]

 [[338 268]]

 [[338 269]]

 [[337 270]]

 [[337 273]]

 [[336 274]]

 [[336 276]]

 [[335 277]]

 [[335 281]]

 [[334 282]]

 [[334 295]]

 [[335 296]]

 [[335 300]]

 [[336 301]]

 [[336 303]]

 [[337 304]]

 [[337 306]]

 [[338 307]]

 [[338 309]]

 [[339 310]]

 [[339 311]]

 [[341 313]]

 [[341 314]]

 [[343 316]]

 [[343 317]]

 [[353 327]]

 [[354 327]]

 [[356 329]]

 [[357 329]]

 [[358 330]]

 [[359 330]]

 [[360 331]]

 [[361 331]]

 [[362 332]]

 [[364 332]]

 [[365 333]]

 [[366 333]]

 [[367 334]]

 [[370 334]]

 [[371 335]]

 [[376 335]]

 [[377 336]]

 [[386 336]]

 [[387 335]]

 [[392 335]]

 [[393 334]]

 [[395 334]]

 [[396 333]]

 [[398 333]]

 [[399 332]]

 [[400 332]]

 [[401 331]]

 [[403 331]]

 [[404 330]]

 [[405 330]]

 [[407 328]]

 [[408 328]]

 [[410 326]]

 [[411 326]]

 [[418 319]]

 [[418 318]]

 [[421 315]]

 [[421 314]]

 [[422 313]]

 [[422 312]]

 [[423 311]]

 [[423 310]]

 [[424 309]]

 [[424 308]]

 [[425 307]]

 [[425 306]]

 [[426 305]]

 [[426 303]]

 [[427 302]]

 [[427 299]]

 [[428 298]]

 [[428 291]]

 [[429 290]]

 [[427 288]]

 [[416 288]]

 [[415 289]]

 [[415 291]]

 [[414 292]]

 [[414 297]]

 [[413 298]]

 [[413 300]]

 [[412 301]]

 [[412 302]]

 [[411 303]]

 [[411 304]]

 [[409 306]]

 [[409 307]]

 [[400 316]]

 [[399 316]]

 [[397 318]]

 [[396 318]]

 [[395 319]]

 [[394 319]]

 [[393 320]]

 [[391 320]]

 [[390 321]]

 [[386 321]]

 [[385 322]]

 [[377 322]]

 [[376 321]]

 [[372 321]]

 [[371 320]]

 [[369 320]]

 [[367 318]]

 [[366 318]]

 [[365 317]]

 [[364 317]]

 [[362 315]]

 [[361 315]]

 [[354 308]]

 [[354 307]]

 [[352 305]]

 [[352 304]]

 [[351 303]]

 [[351 301]]

 [[349 299]]

 [[349 296]]

 [[348 295]]

 [[348 282]]

 [[349 281]]

 [[349 278]]

 [[350 277]]

 [[350 276]]

 [[351 275]]

 [[351 274]]

 [[352 273]]

 [[352 272]]

 [[354 270]]

 [[354 269]]

 [[362 261]]

 [[363 261]]

 [[365 259]]

 [[366 259]]

 [[367 258]]

 [[368 258]]

 [[369 257]]

 [[371 257]]

 [[372 256]]

 [[375 256]]

 [[376 255]]

 [[475 255]]

 [[476 256]]

 [[476 255]]

 [[376 255]]

 [[375 256]]

 [[372 256]]

 [[371 257]]

 [[369 257]]

 [[368 258]]

 [[366 258]]

 [[365 259]]

 [[364 259]]

 [[362 261]]

 [[361 261]]

 [[354 268]]

 [[354 269]]

 [[352 271]]

 [[352 272]]

 [[351 273]]

 [[351 275]]

 [[350 276]]

 [[350 277]]

 [[349 278]]

 [[349 281]]

 [[348 282]]

 [[348 295]]

 [[349 296]]

 [[349 299]]

 [[350 300]]

 [[350 301]]

 [[351 302]]

 [[351 304]]

 [[352 305]]

 [[352 306]]

 [[354 308]]

 [[354 309]]

 [[360 315]]

 [[361 315]]

 [[363 317]]

 [[364 317]]

 [[365 318]]

 [[366 318]]

 [[367 319]]

 [[368 319]]

 [[369 320]]

 [[371 320]]

 [[372 321]]

 [[376 321]]

 [[377 322]]

 [[385 322]]

 [[386 321]]

 [[390 321]]

 [[391 320]]

 [[394 320]]

 [[395 319]]

 [[396 319]]

 [[397 318]]

 [[398 318]]

 [[400 316]]

 [[401 316]]

 [[409 308]]

 [[409 307]]

 [[411 305]]

 [[411 303]]

 [[412 302]]

 [[412 301]]

 [[413 300]]

 [[413 298]]

 [[414 297]]

 [[414 292]]

 [[415 291]]

 [[415 289]]

 [[416 288]]

 [[427 288]]

 [[429 290]]

 [[428 291]]

 [[428 298]]

 [[427 299]]

 [[427 302]]

 [[426 303]]

 [[426 305]]

 [[425 306]]

 [[425 307]]

 [[423 309]]

 [[423 310]]

 [[422 311]]

 [[422 312]]

 [[421 313]]

 [[421 314]]

 [[418 317]]

 [[418 318]]

 [[410 326]]

 [[409 326]]

 [[407 328]]

 [[406 328]]

 [[404 330]]

 [[403 330]]

 [[402 331]]

 [[401 331]]

 [[400 332]]

 [[399 332]]

 [[398 333]]

 [[396 333]]

 [[395 334]]

 [[393 334]]

 [[392 335]]

 [[387 335]]

 [[386 336]]

 [[377 336]]

 [[376 335]]

 [[371 335]]

 [[370 334]]

 [[367 334]]

 [[366 333]]

 [[365 333]]

 [[364 332]]

 [[362 332]]

 [[360 330]]

 [[359 330]]

 [[358 329]]

 [[357 329]]

 [[355 327]]

 [[354 327]]

 [[343 316]]

 [[343 315]]

 [[341 313]]

 [[341 312]]

 [[339 310]]

 [[339 309]]

 [[338 308]]

 [[338 307]]

 [[337 306]]

 [[337 304]]

 [[336 303]]

 [[336 301]]

 [[335 300]]

 [[335 296]]

 [[334 295]]

 [[334 282]]

 [[335 281]]

 [[335 277]]

 [[336 276]]

 [[336 274]]

 [[337 273]]

 [[337 271]]

 [[338 270]]

 [[338 269]]

 [[339 268]]

 [[339 267]]

 [[340 266]]

 [[340 265]]

 [[342 263]]

 [[342 262]]

 [[345 259]]

 [[345 258]]

 [[350 253]]

 [[351 253]]

 [[355 249]]

 [[356 249]]

 [[358 247]]

 [[359 247]]

 [[360 246]]

 [[361 246]]

 [[362 245]]

 [[363 245]]

 [[364 244]]

 [[366 244]]

 [[367 243]]

 [[369 243]]

 [[370 242]]

 [[374 242]]

 [[375 241]]

 [[476 241]]]
[[[476 225]]]
[[[239 152]]

 [[238 153]]

 [[235 153]]

 [[234 154]]

 [[232 154]]

 [[231 155]]

 [[229 155]]

 [[228 156]]

 [[227 156]]

 [[225 158]]

 [[224 158]]

 [[218 164]]

 [[218 165]]

 [[217 166]]

 [[217 167]]

 [[216 168]]

 [[216 169]]

 [[215 170]]

 [[215 171]]

 [[214 172]]

 [[214 175]]

 [[213 176]]

 [[213 188]]

 [[214 189]]

 [[214 191]]

 [[215 192]]

 [[215 194]]

 [[216 195]]

 [[216 196]]

 [[217 197]]

 [[217 198]]

 [[219 200]]

 [[219 201]]

 [[223 205]]

 [[224 205]]

 [[227 208]]

 [[228 208]]

 [[230 210]]

 [[230 211]]

 [[229 212]]

 [[229 223]]

 [[228 224]]

 [[228 236]]

 [[227 237]]

 [[227 250]]

 [[226 251]]

 [[226 262]]

 [[225 263]]

 [[225 275]]

 [[224 276]]

 [[224 288]]

 [[223 289]]

 [[223 300]]

 [[222 301]]

 [[222 313]]

 [[221 314]]

 [[221 326]]

 [[220 327]]

 [[220 339]]

 [[219 340]]

 [[219 352]]

 [[266 352]]

 [[266 345]]

 [[265 344]]

 [[265 334]]

 [[264 333]]

 [[264 323]]

 [[263 322]]

 [[263 311]]

 [[262 310]]

 [[262 301]]

 [[261 300]]

 [[261 289]]

 [[260 288]]

 [[260 278]]

 [[259 277]]

 [[259 267]]

 [[258 266]]

 [[258 256]]

 [[257 255]]

 [[257 245]]

 [[256 244]]

 [[256 234]]

 [[255 233]]

 [[255 222]]

 [[254 221]]

 [[254 210]]

 [[256 208]]

 [[257 208]]

 [[258 207]]

 [[259 207]]

 [[262 204]]

 [[263 204]]

 [[265 202]]

 [[265 201]]

 [[267 199]]

 [[267 198]]

 [[269 196]]

 [[269 194]]

 [[270 193]]

 [[270 192]]

 [[271 191]]

 [[271 188]]

 [[272 187]]

 [[272 177]]

 [[271 176]]

 [[271 173]]

 [[270 172]]

 [[270 171]]

 [[269 170]]

 [[269 168]]

 [[268 167]]

 [[268 166]]

 [[265 163]]

 [[265 162]]

 [[262 159]]

 [[261 159]]

 [[258 156]]

 [[257 156]]

 [[256 155]]

 [[254 155]]

 [[253 154]]

 [[251 154]]

 [[250 153]]

 [[246 153]]

 [[245 152]]]
[[[372  78]]

 [[371  79]]

 [[366  79]]

 [[365  80]]

 [[363  80]]

 [[362  81]]

 [[360  81]]

 [[359  82]]

 [[357  82]]

 [[356  83]]

 [[354  83]]

 [[353  84]]

 [[352  84]]

 [[351  85]]

 [[350  85]]

 [[349  86]]

 [[348  86]]

 [[346  88]]

 [[345  88]]

 [[343  90]]

 [[342  90]]

 [[330 102]]

 [[330 103]]

 [[328 105]]

 [[328 106]]

 [[326 108]]

 [[326 109]]

 [[325 110]]

 [[325 111]]

 [[324 112]]

 [[324 113]]

 [[323 114]]

 [[323 115]]

 [[322 116]]

 [[322 118]]

 [[321 119]]

 [[321 121]]

 [[320 122]]

 [[320 124]]

 [[319 125]]

 [[319 129]]

 [[318 130]]

 [[318 139]]

 [[317 140]]

 [[318 141]]

 [[318 151]]

 [[319 152]]

 [[319 155]]

 [[320 156]]

 [[320 159]]

 [[321 160]]

 [[321 162]]

 [[322 163]]

 [[322 164]]

 [[323 165]]

 [[323 167]]

 [[324 168]]

 [[324 169]]

 [[325 170]]

 [[325 171]]

 [[326 172]]

 [[326 173]]

 [[328 175]]

 [[328 176]]

 [[331 179]]

 [[331 180]]

 [[341 190]]

 [[342 190]]

 [[344 192]]

 [[345 192]]

 [[347 194]]

 [[348 194]]

 [[349 195]]

 [[350 195]]

 [[351 196]]

 [[352 196]]

 [[353 197]]

 [[354 197]]

 [[355 198]]

 [[357 198]]

 [[358 199]]

 [[359 199]]

 [[360 200]]

 [[362 200]]

 [[363 201]]

 [[367 201]]

 [[368 202]]

 [[373 202]]

 [[374 203]]

 [[386 203]]

 [[387 202]]

 [[392 202]]

 [[393 201]]

 [[396 201]]

 [[397 200]]

 [[400 200]]

 [[401 199]]

 [[402 199]]

 [[403 198]]

 [[405 198]]

 [[406 197]]

 [[407 197]]

 [[408 196]]

 [[409 196]]

 [[410 195]]

 [[411 195]]

 [[412 194]]

 [[413 194]]

 [[415 192]]

 [[416 192]]

 [[419 189]]

 [[420 189]]

 [[428 181]]

 [[428 180]]

 [[429 179]]

 [[429 177]]

 [[426 174]]

 [[425 174]]

 [[422 171]]

 [[421 171]]

 [[420 170]]

 [[418 170]]

 [[408 180]]

 [[407 180]]

 [[405 182]]

 [[404 182]]

 [[403 183]]

 [[402 183]]

 [[400 185]]

 [[398 185]]

 [[397 186]]

 [[396 186]]

 [[395 187]]

 [[392 187]]

 [[391 188]]

 [[387 188]]

 [[386 189]]

 [[374 189]]

 [[373 188]]

 [[369 188]]

 [[368 187]]

 [[365 187]]

 [[364 186]]

 [[362 186]]

 [[360 184]]

 [[359 184]]

 [[358 183]]

 [[357 183]]

 [[356 182]]

 [[355 182]]

 [[353 180]]

 [[352 180]]

 [[349 177]]

 [[348 177]]

 [[344 173]]

 [[344 172]]

 [[340 168]]

 [[340 167]]

 [[338 165]]

 [[338 164]]

 [[336 162]]

 [[336 160]]

 [[335 159]]

 [[335 158]]

 [[334 157]]

 [[334 155]]

 [[333 154]]

 [[333 151]]

 [[332 150]]

 [[332 143]]

 [[331 142]]

 [[332 141]]

 [[332 140]]

 [[331 139]]

 [[332 138]]

 [[332 131]]

 [[333 130]]

 [[333 127]]

 [[334 126]]

 [[334 124]]

 [[335 123]]

 [[335 122]]

 [[336 121]]

 [[336 120]]

 [[337 119]]

 [[337 118]]

 [[338 117]]

 [[338 116]]

 [[339 115]]

 [[339 114]]

 [[342 111]]

 [[342 110]]

 [[349 103]]

 [[350 103]]

 [[353 100]]

 [[354 100]]

 [[356  98]]

 [[357  98]]

 [[358  97]]

 [[359  97]]

 [[360  96]]

 [[361  96]]

 [[362  95]]

 [[363  95]]

 [[364  94]]

 [[367  94]]

 [[368  93]]

 [[371  93]]

 [[372  92]]

 [[379  92]]

 [[380  91]]

 [[380  78]]]
[[[104  78]]

 [[104  92]]

 [[111  92]]

 [[112  93]]

 [[116  93]]

 [[117  94]]

 [[119  94]]

 [[120  95]]

 [[121  95]]

 [[122  96]]

 [[123  96]]

 [[124  97]]

 [[125  97]]

 [[126  98]]

 [[127  98]]

 [[128  99]]

 [[129  99]]

 [[132 102]]

 [[133 102]]

 [[142 111]]

 [[142 112]]

 [[144 114]]

 [[144 115]]

 [[146 117]]

 [[146 118]]

 [[147 119]]

 [[147 120]]

 [[148 121]]

 [[148 122]]

 [[149 123]]

 [[149 125]]

 [[150 126]]

 [[150 128]]

 [[151 129]]

 [[151 134]]

 [[152 135]]

 [[152 146]]

 [[151 147]]

 [[151 152]]

 [[150 153]]

 [[150 155]]

 [[149 156]]

 [[149 158]]

 [[148 159]]

 [[148 160]]

 [[147 161]]

 [[147 162]]

 [[145 164]]

 [[145 165]]

 [[144 166]]

 [[144 167]]

 [[141 170]]

 [[141 171]]

 [[133 179]]

 [[132 179]]

 [[130 181]]

 [[129 181]]

 [[127 183]]

 [[126 183]]

 [[125 184]]

 [[124 184]]

 [[123 185]]

 [[122 185]]

 [[121 186]]

 [[119 186]]

 [[118 187]]

 [[116 187]]

 [[115 188]]

 [[110 188]]

 [[109 189]]

 [[ 97 189]]

 [[ 96 188]]

 [[ 92 188]]

 [[ 91 187]]

 [[ 89 187]]

 [[ 88 186]]

 [[ 86 186]]

 [[ 85 185]]

 [[ 84 185]]

 [[ 83 184]]

 [[ 82 184]]

 [[ 81 183]]

 [[ 80 183]]

 [[ 78 181]]

 [[ 77 181]]

 [[ 75 179]]

 [[ 74 179]]

 [[ 65 170]]

 [[ 63 170]]

 [[ 61 172]]

 [[ 60 172]]

 [[ 57 175]]

 [[ 56 175]]

 [[ 54 177]]

 [[ 54 179]]

 [[ 58 183]]

 [[ 58 184]]

 [[ 61 187]]

 [[ 62 187]]

 [[ 66 191]]

 [[ 67 191]]

 [[ 69 193]]

 [[ 70 193]]

 [[ 72 195]]

 [[ 73 195]]

 [[ 74 196]]

 [[ 76 196]]

 [[ 78 198]]

 [[ 80 198]]

 [[ 81 199]]

 [[ 83 199]]

 [[ 84 200]]

 [[ 86 200]]

 [[ 87 201]]

 [[ 90 201]]

 [[ 91 202]]

 [[ 96 202]]

 [[ 97 203]]

 [[109 203]]

 [[110 202]]

 [[116 202]]

 [[117 201]]

 [[120 201]]

 [[121 200]]

 [[123 200]]

 [[124 199]]

 [[126 199]]

 [[127 198]]

 [[129 198]]

 [[130 197]]

 [[131 197]]

 [[132 196]]

 [[133 196]]

 [[134 195]]

 [[135 195]]

 [[137 193]]

 [[138 193]]

 [[141 190]]

 [[142 190]]

 [[153 179]]

 [[153 178]]

 [[156 175]]

 [[156 174]]

 [[157 173]]

 [[157 172]]

 [[159 170]]

 [[159 169]]

 [[160 168]]

 [[160 166]]

 [[161 165]]

 [[161 164]]

 [[162 163]]

 [[162 161]]

 [[163 160]]

 [[163 158]]

 [[164 157]]

 [[164 153]]

 [[165 152]]

 [[165 147]]

 [[166 146]]

 [[166 135]]

 [[165 134]]

 [[165 128]]

 [[164 127]]

 [[164 124]]

 [[163 123]]

 [[163 121]]

 [[162 120]]

 [[162 118]]

 [[161 117]]

 [[161 115]]

 [[159 113]]

 [[159 111]]

 [[158 110]]

 [[158 109]]

 [[156 107]]

 [[156 106]]

 [[154 104]]

 [[154 103]]

 [[151 100]]

 [[151  99]]

 [[145  93]]

 [[144  93]]

 [[140  89]]

 [[139  89]]

 [[137  87]]

 [[136  87]]

 [[135  86]]

 [[134  86]]

 [[133  85]]

 [[132  85]]

 [[131  84]]

 [[130  84]]

 [[129  83]]

 [[127  83]]

 [[126  82]]

 [[125  82]]

 [[124  81]]

 [[122  81]]

 [[121  80]]

 [[118  80]]

 [[117  79]]

 [[112  79]]

 [[111  78]]]
[[[195   8]]

 [[194   9]]

 [[190   9]]

 ..., 
 [[204   9]]

 [[202   9]]

 [[201   8]]]
****************************************************************************************************
edge_im_array_pix nums:228484
contours_img_pix nums:685452
_url_contours num:6
[[[375 241]]

 [[374 242]]

 [[370 242]]

 [[369 243]]

 [[367 243]]

 [[366 244]]

 [[364 244]]

 [[363 245]]

 [[361 245]]

 [[360 246]]

 [[359 246]]

 [[358 247]]

 [[357 247]]

 [[355 249]]

 [[354 249]]

 [[350 253]]

 [[349 253]]

 [[345 257]]

 [[345 258]]

 [[342 261]]

 [[342 262]]

 [[340 264]]

 [[340 265]]

 [[339 266]]

 [[339 267]]

 [[338 268]]

 [[338 269]]

 [[337 270]]

 [[337 273]]

 [[336 274]]

 [[336 276]]

 [[335 277]]

 [[335 281]]

 [[334 282]]

 [[334 295]]

 [[335 296]]

 [[335 300]]

 [[336 301]]

 [[336 303]]

 [[337 304]]

 [[337 306]]

 [[338 307]]

 [[338 309]]

 [[339 310]]

 [[339 311]]

 [[341 313]]

 [[341 314]]

 [[343 316]]

 [[343 317]]

 [[353 327]]

 [[354 327]]

 [[356 329]]

 [[357 329]]

 [[358 330]]

 [[359 330]]

 [[360 331]]

 [[361 331]]

 [[362 332]]

 [[364 332]]

 [[365 333]]

 [[366 333]]

 [[367 334]]

 [[370 334]]

 [[371 335]]

 [[376 335]]

 [[377 336]]

 [[386 336]]

 [[387 335]]

 [[392 335]]

 [[393 334]]

 [[395 334]]

 [[396 333]]

 [[398 333]]

 [[399 332]]

 [[400 332]]

 [[401 331]]

 [[403 331]]

 [[404 330]]

 [[405 330]]

 [[407 328]]

 [[408 328]]

 [[410 326]]

 [[411 326]]

 [[418 319]]

 [[418 318]]

 [[421 315]]

 [[421 314]]

 [[422 313]]

 [[422 312]]

 [[423 311]]

 [[423 310]]

 [[424 309]]

 [[424 308]]

 [[425 307]]

 [[425 306]]

 [[426 305]]

 [[426 303]]

 [[427 302]]

 [[427 299]]

 [[428 298]]

 [[428 291]]

 [[429 290]]

 [[427 288]]

 [[416 288]]

 [[415 289]]

 [[415 291]]

 [[414 292]]

 [[414 297]]

 [[413 298]]

 [[413 300]]

 [[412 301]]

 [[412 302]]

 [[411 303]]

 [[411 304]]

 [[409 306]]

 [[409 307]]

 [[400 316]]

 [[399 316]]

 [[397 318]]

 [[396 318]]

 [[395 319]]

 [[394 319]]

 [[393 320]]

 [[391 320]]

 [[390 321]]

 [[386 321]]

 [[385 322]]

 [[377 322]]

 [[376 321]]

 [[372 321]]

 [[371 320]]

 [[369 320]]

 [[367 318]]

 [[366 318]]

 [[365 317]]

 [[364 317]]

 [[362 315]]

 [[361 315]]

 [[354 308]]

 [[354 307]]

 [[352 305]]

 [[352 304]]

 [[351 303]]

 [[351 301]]

 [[349 299]]

 [[349 296]]

 [[348 295]]

 [[348 282]]

 [[349 281]]

 [[349 278]]

 [[350 277]]

 [[350 276]]

 [[351 275]]

 [[351 274]]

 [[352 273]]

 [[352 272]]

 [[354 270]]

 [[354 269]]

 [[362 261]]

 [[363 261]]

 [[365 259]]

 [[366 259]]

 [[367 258]]

 [[368 258]]

 [[369 257]]

 [[371 257]]

 [[372 256]]

 [[375 256]]

 [[376 255]]

 [[475 255]]

 [[476 256]]

 [[476 255]]

 [[376 255]]

 [[375 256]]

 [[372 256]]

 [[371 257]]

 [[369 257]]

 [[368 258]]

 [[366 258]]

 [[365 259]]

 [[364 259]]

 [[362 261]]

 [[361 261]]

 [[354 268]]

 [[354 269]]

 [[352 271]]

 [[352 272]]

 [[351 273]]

 [[351 275]]

 [[350 276]]

 [[350 277]]

 [[349 278]]

 [[349 281]]

 [[348 282]]

 [[348 295]]

 [[349 296]]

 [[349 299]]

 [[350 300]]

 [[350 301]]

 [[351 302]]

 [[351 304]]

 [[352 305]]

 [[352 306]]

 [[354 308]]

 [[354 309]]

 [[360 315]]

 [[361 315]]

 [[363 317]]

 [[364 317]]

 [[365 318]]

 [[366 318]]

 [[367 319]]

 [[368 319]]

 [[369 320]]

 [[371 320]]

 [[372 321]]

 [[376 321]]

 [[377 322]]

 [[385 322]]

 [[386 321]]

 [[390 321]]

 [[391 320]]

 [[394 320]]

 [[395 319]]

 [[396 319]]

 [[397 318]]

 [[398 318]]

 [[400 316]]

 [[401 316]]

 [[409 308]]

 [[409 307]]

 [[411 305]]

 [[411 303]]

 [[412 302]]

 [[412 301]]

 [[413 300]]

 [[413 298]]

 [[414 297]]

 [[414 292]]

 [[415 291]]

 [[415 289]]

 [[416 288]]

 [[427 288]]

 [[429 290]]

 [[428 291]]

 [[428 298]]

 [[427 299]]

 [[427 302]]

 [[426 303]]

 [[426 305]]

 [[425 306]]

 [[425 307]]

 [[423 309]]

 [[423 310]]

 [[422 311]]

 [[422 312]]

 [[421 313]]

 [[421 314]]

 [[418 317]]

 [[418 318]]

 [[410 326]]

 [[409 326]]

 [[407 328]]

 [[406 328]]

 [[404 330]]

 [[403 330]]

 [[402 331]]

 [[401 331]]

 [[400 332]]

 [[399 332]]

 [[398 333]]

 [[396 333]]

 [[395 334]]

 [[393 334]]

 [[392 335]]

 [[387 335]]

 [[386 336]]

 [[377 336]]

 [[376 335]]

 [[371 335]]

 [[370 334]]

 [[367 334]]

 [[366 333]]

 [[365 333]]

 [[364 332]]

 [[362 332]]

 [[360 330]]

 [[359 330]]

 [[358 329]]

 [[357 329]]

 [[355 327]]

 [[354 327]]

 [[343 316]]

 [[343 315]]

 [[341 313]]

 [[341 312]]

 [[339 310]]

 [[339 309]]

 [[338 308]]

 [[338 307]]

 [[337 306]]

 [[337 304]]

 [[336 303]]

 [[336 301]]

 [[335 300]]

 [[335 296]]

 [[334 295]]

 [[334 282]]

 [[335 281]]

 [[335 277]]

 [[336 276]]

 [[336 274]]

 [[337 273]]

 [[337 271]]

 [[338 270]]

 [[338 269]]

 [[339 268]]

 [[339 267]]

 [[340 266]]

 [[340 265]]

 [[342 263]]

 [[342 262]]

 [[345 259]]

 [[345 258]]

 [[350 253]]

 [[351 253]]

 [[355 249]]

 [[356 249]]

 [[358 247]]

 [[359 247]]

 [[360 246]]

 [[361 246]]

 [[362 245]]

 [[363 245]]

 [[364 244]]

 [[366 244]]

 [[367 243]]

 [[369 243]]

 [[370 242]]

 [[374 242]]

 [[375 241]]

 [[476 241]]]
[[[476 225]]]
[[[239 152]]

 [[238 153]]

 [[235 153]]

 [[234 154]]

 [[232 154]]

 [[231 155]]

 [[229 155]]

 [[228 156]]

 [[227 156]]

 [[225 158]]

 [[224 158]]

 [[218 164]]

 [[218 165]]

 [[217 166]]

 [[217 167]]

 [[216 168]]

 [[216 169]]

 [[215 170]]

 [[215 171]]

 [[214 172]]

 [[214 175]]

 [[213 176]]

 [[213 188]]

 [[214 189]]

 [[214 191]]

 [[215 192]]

 [[215 194]]

 [[216 195]]

 [[216 196]]

 [[217 197]]

 [[217 198]]

 [[219 200]]

 [[219 201]]

 [[223 205]]

 [[224 205]]

 [[227 208]]

 [[228 208]]

 [[230 210]]

 [[230 211]]

 [[229 212]]

 [[229 223]]

 [[228 224]]

 [[228 236]]

 [[227 237]]

 [[227 250]]

 [[226 251]]

 [[226 262]]

 [[225 263]]

 [[225 275]]

 [[224 276]]

 [[224 288]]

 [[223 289]]

 [[223 300]]

 [[222 301]]

 [[222 313]]

 [[221 314]]

 [[221 326]]

 [[220 327]]

 [[220 339]]

 [[219 340]]

 [[219 352]]

 [[266 352]]

 [[266 345]]

 [[265 344]]

 [[265 334]]

 [[264 333]]

 [[264 323]]

 [[263 322]]

 [[263 311]]

 [[262 310]]

 [[262 301]]

 [[261 300]]

 [[261 289]]

 [[260 288]]

 [[260 278]]

 [[259 277]]

 [[259 267]]

 [[258 266]]

 [[258 256]]

 [[257 255]]

 [[257 245]]

 [[256 244]]

 [[256 234]]

 [[255 233]]

 [[255 222]]

 [[254 221]]

 [[254 210]]

 [[256 208]]

 [[257 208]]

 [[258 207]]

 [[259 207]]

 [[262 204]]

 [[263 204]]

 [[265 202]]

 [[265 201]]

 [[267 199]]

 [[267 198]]

 [[269 196]]

 [[269 194]]

 [[270 193]]

 [[270 192]]

 [[271 191]]

 [[271 188]]

 [[272 187]]

 [[272 177]]

 [[271 176]]

 [[271 173]]

 [[270 172]]

 [[270 171]]

 [[269 170]]

 [[269 168]]

 [[268 167]]

 [[268 166]]

 [[265 163]]

 [[265 162]]

 [[262 159]]

 [[261 159]]

 [[258 156]]

 [[257 156]]

 [[256 155]]

 [[254 155]]

 [[253 154]]

 [[251 154]]

 [[250 153]]

 [[246 153]]

 [[245 152]]]
[[[372  78]]

 [[371  79]]

 [[366  79]]

 [[365  80]]

 [[363  80]]

 [[362  81]]

 [[360  81]]

 [[359  82]]

 [[357  82]]

 [[356  83]]

 [[354  83]]

 [[353  84]]

 [[352  84]]

 [[351  85]]

 [[350  85]]

 [[349  86]]

 [[348  86]]

 [[346  88]]

 [[345  88]]

 [[343  90]]

 [[342  90]]

 [[330 102]]

 [[330 103]]

 [[328 105]]

 [[328 106]]

 [[326 108]]

 [[326 109]]

 [[325 110]]

 [[325 111]]

 [[324 112]]

 [[324 113]]

 [[323 114]]

 [[323 115]]

 [[322 116]]

 [[322 118]]

 [[321 119]]

 [[321 121]]

 [[320 122]]

 [[320 124]]

 [[319 125]]

 [[319 129]]

 [[318 130]]

 [[318 139]]

 [[317 140]]

 [[318 141]]

 [[318 151]]

 [[319 152]]

 [[319 155]]

 [[320 156]]

 [[320 159]]

 [[321 160]]

 [[321 162]]

 [[322 163]]

 [[322 164]]

 [[323 165]]

 [[323 167]]

 [[324 168]]

 [[324 169]]

 [[325 170]]

 [[325 171]]

 [[326 172]]

 [[326 173]]

 [[328 175]]

 [[328 176]]

 [[331 179]]

 [[331 180]]

 [[341 190]]

 [[342 190]]

 [[344 192]]

 [[345 192]]

 [[347 194]]

 [[348 194]]

 [[349 195]]

 [[350 195]]

 [[351 196]]

 [[352 196]]

 [[353 197]]

 [[354 197]]

 [[355 198]]

 [[357 198]]

 [[358 199]]

 [[359 199]]

 [[360 200]]

 [[362 200]]

 [[363 201]]

 [[367 201]]

 [[368 202]]

 [[373 202]]

 [[374 203]]

 [[386 203]]

 [[387 202]]

 [[392 202]]

 [[393 201]]

 [[396 201]]

 [[397 200]]

 [[400 200]]

 [[401 199]]

 [[402 199]]

 [[403 198]]

 [[405 198]]

 [[406 197]]

 [[407 197]]

 [[408 196]]

 [[409 196]]

 [[410 195]]

 [[411 195]]

 [[412 194]]

 [[413 194]]

 [[415 192]]

 [[416 192]]

 [[419 189]]

 [[420 189]]

 [[428 181]]

 [[428 180]]

 [[429 179]]

 [[429 177]]

 [[426 174]]

 [[425 174]]

 [[422 171]]

 [[421 171]]

 [[420 170]]

 [[418 170]]

 [[408 180]]

 [[407 180]]

 [[405 182]]

 [[404 182]]

 [[403 183]]

 [[402 183]]

 [[400 185]]

 [[398 185]]

 [[397 186]]

 [[396 186]]

 [[395 187]]

 [[392 187]]

 [[391 188]]

 [[387 188]]

 [[386 189]]

 [[374 189]]

 [[373 188]]

 [[369 188]]

 [[368 187]]

 [[365 187]]

 [[364 186]]

 [[362 186]]

 [[360 184]]

 [[359 184]]

 [[358 183]]

 [[357 183]]

 [[356 182]]

 [[355 182]]

 [[353 180]]

 [[352 180]]

 [[349 177]]

 [[348 177]]

 [[344 173]]

 [[344 172]]

 [[340 168]]

 [[340 167]]

 [[338 165]]

 [[338 164]]

 [[336 162]]

 [[336 160]]

 [[335 159]]

 [[335 158]]

 [[334 157]]

 [[334 155]]

 [[333 154]]

 [[333 151]]

 [[332 150]]

 [[332 143]]

 [[331 142]]

 [[332 141]]

 [[332 140]]

 [[331 139]]

 [[332 138]]

 [[332 131]]

 [[333 130]]

 [[333 127]]

 [[334 126]]

 [[334 124]]

 [[335 123]]

 [[335 122]]

 [[336 121]]

 [[336 120]]

 [[337 119]]

 [[337 118]]

 [[338 117]]

 [[338 116]]

 [[339 115]]

 [[339 114]]

 [[342 111]]

 [[342 110]]

 [[349 103]]

 [[350 103]]

 [[353 100]]

 [[354 100]]

 [[356  98]]

 [[357  98]]

 [[358  97]]

 [[359  97]]

 [[360  96]]

 [[361  96]]

 [[362  95]]

 [[363  95]]

 [[364  94]]

 [[367  94]]

 [[368  93]]

 [[371  93]]

 [[372  92]]

 [[379  92]]

 [[380  91]]

 [[380  78]]]
[[[104  78]]

 [[104  92]]

 [[111  92]]

 [[112  93]]

 [[116  93]]

 [[117  94]]

 [[119  94]]

 [[120  95]]

 [[121  95]]

 [[122  96]]

 [[123  96]]

 [[124  97]]

 [[125  97]]

 [[126  98]]

 [[127  98]]

 [[128  99]]

 [[129  99]]

 [[132 102]]

 [[133 102]]

 [[142 111]]

 [[142 112]]

 [[144 114]]

 [[144 115]]

 [[146 117]]

 [[146 118]]

 [[147 119]]

 [[147 120]]

 [[148 121]]

 [[148 122]]

 [[149 123]]

 [[149 125]]

 [[150 126]]

 [[150 128]]

 [[151 129]]

 [[151 134]]

 [[152 135]]

 [[152 146]]

 [[151 147]]

 [[151 152]]

 [[150 153]]

 [[150 155]]

 [[149 156]]

 [[149 158]]

 [[148 159]]

 [[148 160]]

 [[147 161]]

 [[147 162]]

 [[145 164]]

 [[145 165]]

 [[144 166]]

 [[144 167]]

 [[141 170]]

 [[141 171]]

 [[133 179]]

 [[132 179]]

 [[130 181]]

 [[129 181]]

 [[127 183]]

 [[126 183]]

 [[125 184]]

 [[124 184]]

 [[123 185]]

 [[122 185]]

 [[121 186]]

 [[119 186]]

 [[118 187]]

 [[116 187]]

 [[115 188]]

 [[110 188]]

 [[109 189]]

 [[ 97 189]]

 [[ 96 188]]

 [[ 92 188]]

 [[ 91 187]]

 [[ 89 187]]

 [[ 88 186]]

 [[ 86 186]]

 [[ 85 185]]

 [[ 84 185]]

 [[ 83 184]]

 [[ 82 184]]

 [[ 81 183]]

 [[ 80 183]]

 [[ 78 181]]

 [[ 77 181]]

 [[ 75 179]]

 [[ 74 179]]

 [[ 65 170]]

 [[ 63 170]]

 [[ 61 172]]

 [[ 60 172]]

 [[ 57 175]]

 [[ 56 175]]

 [[ 54 177]]

 [[ 54 179]]

 [[ 58 183]]

 [[ 58 184]]

 [[ 61 187]]

 [[ 62 187]]

 [[ 66 191]]

 [[ 67 191]]

 [[ 69 193]]

 [[ 70 193]]

 [[ 72 195]]

 [[ 73 195]]

 [[ 74 196]]

 [[ 76 196]]

 [[ 78 198]]

 [[ 80 198]]

 [[ 81 199]]

 [[ 83 199]]

 [[ 84 200]]

 [[ 86 200]]

 [[ 87 201]]

 [[ 90 201]]

 [[ 91 202]]

 [[ 96 202]]

 [[ 97 203]]

 [[109 203]]

 [[110 202]]

 [[116 202]]

 [[117 201]]

 [[120 201]]

 [[121 200]]

 [[123 200]]

 [[124 199]]

 [[126 199]]

 [[127 198]]

 [[129 198]]

 [[130 197]]

 [[131 197]]

 [[132 196]]

 [[133 196]]

 [[134 195]]

 [[135 195]]

 [[137 193]]

 [[138 193]]

 [[141 190]]

 [[142 190]]

 [[153 179]]

 [[153 178]]

 [[156 175]]

 [[156 174]]

 [[157 173]]

 [[157 172]]

 [[159 170]]

 [[159 169]]

 [[160 168]]

 [[160 166]]

 [[161 165]]

 [[161 164]]

 [[162 163]]

 [[162 161]]

 [[163 160]]

 [[163 158]]

 [[164 157]]

 [[164 153]]

 [[165 152]]

 [[165 147]]

 [[166 146]]

 [[166 135]]

 [[165 134]]

 [[165 128]]

 [[164 127]]

 [[164 124]]

 [[163 123]]

 [[163 121]]

 [[162 120]]

 [[162 118]]

 [[161 117]]

 [[161 115]]

 [[159 113]]

 [[159 111]]

 [[158 110]]

 [[158 109]]

 [[156 107]]

 [[156 106]]

 [[154 104]]

 [[154 103]]

 [[151 100]]

 [[151  99]]

 [[145  93]]

 [[144  93]]

 [[140  89]]

 [[139  89]]

 [[137  87]]

 [[136  87]]

 [[135  86]]

 [[134  86]]

 [[133  85]]

 [[132  85]]

 [[131  84]]

 [[130  84]]

 [[129  83]]

 [[127  83]]

 [[126  82]]

 [[125  82]]

 [[124  81]]

 [[122  81]]

 [[121  80]]

 [[118  80]]

 [[117  79]]

 [[112  79]]

 [[111  78]]]
[[[195   8]]

 [[194   9]]

 [[190   9]]

 ..., 
 [[204   9]]

 [[202   9]]

 [[201   8]]]
****************************************************************************************************
edge_im_array_pix nums:228484
contours_img_pix nums:685452
_url_contours num:6
[[[375 241]]

 [[374 242]]

 [[370 242]]

 [[369 243]]

 [[367 243]]

 [[366 244]]

 [[364 244]]

 [[363 245]]

 [[361 245]]

 [[360 246]]

 [[359 246]]

 [[358 247]]

 [[357 247]]

 [[355 249]]

 [[354 249]]

 [[350 253]]

 [[349 253]]

 [[345 257]]

 [[345 258]]

 [[342 261]]

 [[342 262]]

 [[340 264]]

 [[340 265]]

 [[339 266]]

 [[339 267]]

 [[338 268]]

 [[338 269]]

 [[337 270]]

 [[337 273]]

 [[336 274]]

 [[336 276]]

 [[335 277]]

 [[335 281]]

 [[334 282]]

 [[334 295]]

 [[335 296]]

 [[335 300]]

 [[336 301]]

 [[336 303]]

 [[337 304]]

 [[337 306]]

 [[338 307]]

 [[338 309]]

 [[339 310]]

 [[339 311]]

 [[341 313]]

 [[341 314]]

 [[343 316]]

 [[343 317]]

 [[353 327]]

 [[354 327]]

 [[356 329]]

 [[357 329]]

 [[358 330]]

 [[359 330]]

 [[360 331]]

 [[361 331]]

 [[362 332]]

 [[364 332]]

 [[365 333]]

 [[366 333]]

 [[367 334]]

 [[370 334]]

 [[371 335]]

 [[376 335]]

 [[377 336]]

 [[386 336]]

 [[387 335]]

 [[392 335]]

 [[393 334]]

 [[395 334]]

 [[396 333]]

 [[398 333]]

 [[399 332]]

 [[400 332]]

 [[401 331]]

 [[403 331]]

 [[404 330]]

 [[405 330]]

 [[407 328]]

 [[408 328]]

 [[410 326]]

 [[411 326]]

 [[418 319]]

 [[418 318]]

 [[421 315]]

 [[421 314]]

 [[422 313]]

 [[422 312]]

 [[423 311]]

 [[423 310]]

 [[424 309]]

 [[424 308]]

 [[425 307]]

 [[425 306]]

 [[426 305]]

 [[426 303]]

 [[427 302]]

 [[427 299]]

 [[428 298]]

 [[428 291]]

 [[429 290]]

 [[427 288]]

 [[416 288]]

 [[415 289]]

 [[415 291]]

 [[414 292]]

 [[414 297]]

 [[413 298]]

 [[413 300]]

 [[412 301]]

 [[412 302]]

 [[411 303]]

 [[411 304]]

 [[409 306]]

 [[409 307]]

 [[400 316]]

 [[399 316]]

 [[397 318]]

 [[396 318]]

 [[395 319]]

 [[394 319]]

 [[393 320]]

 [[391 320]]

 [[390 321]]

 [[386 321]]

 [[385 322]]

 [[377 322]]

 [[376 321]]

 [[372 321]]

 [[371 320]]

 [[369 320]]

 [[367 318]]

 [[366 318]]

 [[365 317]]

 [[364 317]]

 [[362 315]]

 [[361 315]]

 [[354 308]]

 [[354 307]]

 [[352 305]]

 [[352 304]]

 [[351 303]]

 [[351 301]]

 [[349 299]]

 [[349 296]]

 [[348 295]]

 [[348 282]]

 [[349 281]]

 [[349 278]]

 [[350 277]]

 [[350 276]]

 [[351 275]]

 [[351 274]]

 [[352 273]]

 [[352 272]]

 [[354 270]]

 [[354 269]]

 [[362 261]]

 [[363 261]]

 [[365 259]]

 [[366 259]]

 [[367 258]]

 [[368 258]]

 [[369 257]]

 [[371 257]]

 [[372 256]]

 [[375 256]]

 [[376 255]]

 [[475 255]]

 [[476 256]]

 [[476 255]]

 [[376 255]]

 [[375 256]]

 [[372 256]]

 [[371 257]]

 [[369 257]]

 [[368 258]]

 [[366 258]]

 [[365 259]]

 [[364 259]]

 [[362 261]]

 [[361 261]]

 [[354 268]]

 [[354 269]]

 [[352 271]]

 [[352 272]]

 [[351 273]]

 [[351 275]]

 [[350 276]]

 [[350 277]]

 [[349 278]]

 [[349 281]]

 [[348 282]]

 [[348 295]]

 [[349 296]]

 [[349 299]]

 [[350 300]]

 [[350 301]]

 [[351 302]]

 [[351 304]]

 [[352 305]]

 [[352 306]]

 [[354 308]]

 [[354 309]]

 [[360 315]]

 [[361 315]]

 [[363 317]]

 [[364 317]]

 [[365 318]]

 [[366 318]]

 [[367 319]]

 [[368 319]]

 [[369 320]]

 [[371 320]]

 [[372 321]]

 [[376 321]]

 [[377 322]]

 [[385 322]]

 [[386 321]]

 [[390 321]]

 [[391 320]]

 [[394 320]]

 [[395 319]]

 [[396 319]]

 [[397 318]]

 [[398 318]]

 [[400 316]]

 [[401 316]]

 [[409 308]]

 [[409 307]]

 [[411 305]]

 [[411 303]]

 [[412 302]]

 [[412 301]]

 [[413 300]]

 [[413 298]]

 [[414 297]]

 [[414 292]]

 [[415 291]]

 [[415 289]]

 [[416 288]]

 [[427 288]]

 [[429 290]]

 [[428 291]]

 [[428 298]]

 [[427 299]]

 [[427 302]]

 [[426 303]]

 [[426 305]]

 [[425 306]]

 [[425 307]]

 [[423 309]]

 [[423 310]]

 [[422 311]]

 [[422 312]]

 [[421 313]]

 [[421 314]]

 [[418 317]]

 [[418 318]]

 [[410 326]]

 [[409 326]]

 [[407 328]]

 [[406 328]]

 [[404 330]]

 [[403 330]]

 [[402 331]]

 [[401 331]]

 [[400 332]]

 [[399 332]]

 [[398 333]]

 [[396 333]]

 [[395 334]]

 [[393 334]]

 [[392 335]]

 [[387 335]]

 [[386 336]]

 [[377 336]]

 [[376 335]]

 [[371 335]]

 [[370 334]]

 [[367 334]]

 [[366 333]]

 [[365 333]]

 [[364 332]]

 [[362 332]]

 [[360 330]]

 [[359 330]]

 [[358 329]]

 [[357 329]]

 [[355 327]]

 [[354 327]]

 [[343 316]]

 [[343 315]]

 [[341 313]]

 [[341 312]]

 [[339 310]]

 [[339 309]]

 [[338 308]]

 [[338 307]]

 [[337 306]]

 [[337 304]]

 [[336 303]]

 [[336 301]]

 [[335 300]]

 [[335 296]]

 [[334 295]]

 [[334 282]]

 [[335 281]]

 [[335 277]]

 [[336 276]]

 [[336 274]]

 [[337 273]]

 [[337 271]]

 [[338 270]]

 [[338 269]]

 [[339 268]]

 [[339 267]]

 [[340 266]]

 [[340 265]]

 [[342 263]]

 [[342 262]]

 [[345 259]]

 [[345 258]]

 [[350 253]]

 [[351 253]]

 [[355 249]]

 [[356 249]]

 [[358 247]]

 [[359 247]]

 [[360 246]]

 [[361 246]]

 [[362 245]]

 [[363 245]]

 [[364 244]]

 [[366 244]]

 [[367 243]]

 [[369 243]]

 [[370 242]]

 [[374 242]]

 [[375 241]]

 [[476 241]]]
[[[476 225]]]
[[[239 152]]

 [[238 153]]

 [[235 153]]

 [[234 154]]

 [[232 154]]

 [[231 155]]

 [[229 155]]

 [[228 156]]

 [[227 156]]

 [[225 158]]

 [[224 158]]

 [[218 164]]

 [[218 165]]

 [[217 166]]

 [[217 167]]

 [[216 168]]

 [[216 169]]

 [[215 170]]

 [[215 171]]

 [[214 172]]

 [[214 175]]

 [[213 176]]

 [[213 188]]

 [[214 189]]

 [[214 191]]

 [[215 192]]

 [[215 194]]

 [[216 195]]

 [[216 196]]

 [[217 197]]

 [[217 198]]

 [[219 200]]

 [[219 201]]

 [[223 205]]

 [[224 205]]

 [[227 208]]

 [[228 208]]

 [[230 210]]

 [[230 211]]

 [[229 212]]

 [[229 223]]

 [[228 224]]

 [[228 236]]

 [[227 237]]

 [[227 250]]

 [[226 251]]

 [[226 262]]

 [[225 263]]

 [[225 275]]

 [[224 276]]

 [[224 288]]

 [[223 289]]

 [[223 300]]

 [[222 301]]

 [[222 313]]

 [[221 314]]

 [[221 326]]

 [[220 327]]

 [[220 339]]

 [[219 340]]

 [[219 352]]

 [[266 352]]

 [[266 345]]

 [[265 344]]

 [[265 334]]

 [[264 333]]

 [[264 323]]

 [[263 322]]

 [[263 311]]

 [[262 310]]

 [[262 301]]

 [[261 300]]

 [[261 289]]

 [[260 288]]

 [[260 278]]

 [[259 277]]

 [[259 267]]

 [[258 266]]

 [[258 256]]

 [[257 255]]

 [[257 245]]

 [[256 244]]

 [[256 234]]

 [[255 233]]

 [[255 222]]

 [[254 221]]

 [[254 210]]

 [[256 208]]

 [[257 208]]

 [[258 207]]

 [[259 207]]

 [[262 204]]

 [[263 204]]

 [[265 202]]

 [[265 201]]

 [[267 199]]

 [[267 198]]

 [[269 196]]

 [[269 194]]

 [[270 193]]

 [[270 192]]

 [[271 191]]

 [[271 188]]

 [[272 187]]

 [[272 177]]

 [[271 176]]

 [[271 173]]

 [[270 172]]

 [[270 171]]

 [[269 170]]

 [[269 168]]

 [[268 167]]

 [[268 166]]

 [[265 163]]

 [[265 162]]

 [[262 159]]

 [[261 159]]

 [[258 156]]

 [[257 156]]

 [[256 155]]

 [[254 155]]

 [[253 154]]

 [[251 154]]

 [[250 153]]

 [[246 153]]

 [[245 152]]]
[[[372  78]]

 [[371  79]]

 [[366  79]]

 [[365  80]]

 [[363  80]]

 [[362  81]]

 [[360  81]]

 [[359  82]]

 [[357  82]]

 [[356  83]]

 [[354  83]]

 [[353  84]]

 [[352  84]]

 [[351  85]]

 [[350  85]]

 [[349  86]]

 [[348  86]]

 [[346  88]]

 [[345  88]]

 [[343  90]]

 [[342  90]]

 [[330 102]]

 [[330 103]]

 [[328 105]]

 [[328 106]]

 [[326 108]]

 [[326 109]]

 [[325 110]]

 [[325 111]]

 [[324 112]]

 [[324 113]]

 [[323 114]]

 [[323 115]]

 [[322 116]]

 [[322 118]]

 [[321 119]]

 [[321 121]]

 [[320 122]]

 [[320 124]]

 [[319 125]]

 [[319 129]]

 [[318 130]]

 [[318 139]]

 [[317 140]]

 [[318 141]]

 [[318 151]]

 [[319 152]]

 [[319 155]]

 [[320 156]]

 [[320 159]]

 [[321 160]]

 [[321 162]]

 [[322 163]]

 [[322 164]]

 [[323 165]]

 [[323 167]]

 [[324 168]]

 [[324 169]]

 [[325 170]]

 [[325 171]]

 [[326 172]]

 [[326 173]]

 [[328 175]]

 [[328 176]]

 [[331 179]]

 [[331 180]]

 [[341 190]]

 [[342 190]]

 [[344 192]]

 [[345 192]]

 [[347 194]]

 [[348 194]]

 [[349 195]]

 [[350 195]]

 [[351 196]]

 [[352 196]]

 [[353 197]]

 [[354 197]]

 [[355 198]]

 [[357 198]]

 [[358 199]]

 [[359 199]]

 [[360 200]]

 [[362 200]]

 [[363 201]]

 [[367 201]]

 [[368 202]]

 [[373 202]]

 [[374 203]]

 [[386 203]]

 [[387 202]]

 [[392 202]]

 [[393 201]]

 [[396 201]]

 [[397 200]]

 [[400 200]]

 [[401 199]]

 [[402 199]]

 [[403 198]]

 [[405 198]]

 [[406 197]]

 [[407 197]]

 [[408 196]]

 [[409 196]]

 [[410 195]]

 [[411 195]]

 [[412 194]]

 [[413 194]]

 [[415 192]]

 [[416 192]]

 [[419 189]]

 [[420 189]]

 [[428 181]]

 [[428 180]]

 [[429 179]]

 [[429 177]]

 [[426 174]]

 [[425 174]]

 [[422 171]]

 [[421 171]]

 [[420 170]]

 [[418 170]]

 [[408 180]]

 [[407 180]]

 [[405 182]]

 [[404 182]]

 [[403 183]]

 [[402 183]]

 [[400 185]]

 [[398 185]]

 [[397 186]]

 [[396 186]]

 [[395 187]]

 [[392 187]]

 [[391 188]]

 [[387 188]]

 [[386 189]]

 [[374 189]]

 [[373 188]]

 [[369 188]]

 [[368 187]]

 [[365 187]]

 [[364 186]]

 [[362 186]]

 [[360 184]]

 [[359 184]]

 [[358 183]]

 [[357 183]]

 [[356 182]]

 [[355 182]]

 [[353 180]]

 [[352 180]]

 [[349 177]]

 [[348 177]]

 [[344 173]]

 [[344 172]]

 [[340 168]]

 [[340 167]]

 [[338 165]]

 [[338 164]]

 [[336 162]]

 [[336 160]]

 [[335 159]]

 [[335 158]]

 [[334 157]]

 [[334 155]]

 [[333 154]]

 [[333 151]]

 [[332 150]]

 [[332 143]]

 [[331 142]]

 [[332 141]]

 [[332 140]]

 [[331 139]]

 [[332 138]]

 [[332 131]]

 [[333 130]]

 [[333 127]]

 [[334 126]]

 [[334 124]]

 [[335 123]]

 [[335 122]]

 [[336 121]]

 [[336 120]]

 [[337 119]]

 [[337 118]]

 [[338 117]]

 [[338 116]]

 [[339 115]]

 [[339 114]]

 [[342 111]]

 [[342 110]]

 [[349 103]]

 [[350 103]]

 [[353 100]]

 [[354 100]]

 [[356  98]]

 [[357  98]]

 [[358  97]]

 [[359  97]]

 [[360  96]]

 [[361  96]]

 [[362  95]]

 [[363  95]]

 [[364  94]]

 [[367  94]]

 [[368  93]]

 [[371  93]]

 [[372  92]]

 [[379  92]]

 [[380  91]]

 [[380  78]]]
[[[104  78]]

 [[104  92]]

 [[111  92]]

 [[112  93]]

 [[116  93]]

 [[117  94]]

 [[119  94]]

 [[120  95]]

 [[121  95]]

 [[122  96]]

 [[123  96]]

 [[124  97]]

 [[125  97]]

 [[126  98]]

 [[127  98]]

 [[128  99]]

 [[129  99]]

 [[132 102]]

 [[133 102]]

 [[142 111]]

 [[142 112]]

 [[144 114]]

 [[144 115]]

 [[146 117]]

 [[146 118]]

 [[147 119]]

 [[147 120]]

 [[148 121]]

 [[148 122]]

 [[149 123]]

 [[149 125]]

 [[150 126]]

 [[150 128]]

 [[151 129]]

 [[151 134]]

 [[152 135]]

 [[152 146]]

 [[151 147]]

 [[151 152]]

 [[150 153]]

 [[150 155]]

 [[149 156]]

 [[149 158]]

 [[148 159]]

 [[148 160]]

 [[147 161]]

 [[147 162]]

 [[145 164]]

 [[145 165]]

 [[144 166]]

 [[144 167]]

 [[141 170]]

 [[141 171]]

 [[133 179]]

 [[132 179]]

 [[130 181]]

 [[129 181]]

 [[127 183]]

 [[126 183]]

 [[125 184]]

 [[124 184]]

 [[123 185]]

 [[122 185]]

 [[121 186]]

 [[119 186]]

 [[118 187]]

 [[116 187]]

 [[115 188]]

 [[110 188]]

 [[109 189]]

 [[ 97 189]]

 [[ 96 188]]

 [[ 92 188]]

 [[ 91 187]]

 [[ 89 187]]

 [[ 88 186]]

 [[ 86 186]]

 [[ 85 185]]

 [[ 84 185]]

 [[ 83 184]]

 [[ 82 184]]

 [[ 81 183]]

 [[ 80 183]]

 [[ 78 181]]

 [[ 77 181]]

 [[ 75 179]]

 [[ 74 179]]

 [[ 65 170]]

 [[ 63 170]]

 [[ 61 172]]

 [[ 60 172]]

 [[ 57 175]]

 [[ 56 175]]

 [[ 54 177]]

 [[ 54 179]]

 [[ 58 183]]

 [[ 58 184]]

 [[ 61 187]]

 [[ 62 187]]

 [[ 66 191]]

 [[ 67 191]]

 [[ 69 193]]

 [[ 70 193]]

 [[ 72 195]]

 [[ 73 195]]

 [[ 74 196]]

 [[ 76 196]]

 [[ 78 198]]

 [[ 80 198]]

 [[ 81 199]]

 [[ 83 199]]

 [[ 84 200]]

 [[ 86 200]]

 [[ 87 201]]

 [[ 90 201]]

 [[ 91 202]]

 [[ 96 202]]

 [[ 97 203]]

 [[109 203]]

 [[110 202]]

 [[116 202]]

 [[117 201]]

 [[120 201]]

 [[121 200]]

 [[123 200]]

 [[124 199]]

 [[126 199]]

 [[127 198]]

 [[129 198]]

 [[130 197]]

 [[131 197]]

 [[132 196]]

 [[133 196]]

 [[134 195]]

 [[135 195]]

 [[137 193]]

 [[138 193]]

 [[141 190]]

 [[142 190]]

 [[153 179]]

 [[153 178]]

 [[156 175]]

 [[156 174]]

 [[157 173]]

 [[157 172]]

 [[159 170]]

 [[159 169]]

 [[160 168]]

 [[160 166]]

 [[161 165]]

 [[161 164]]

 [[162 163]]

 [[162 161]]

 [[163 160]]

 [[163 158]]

 [[164 157]]

 [[164 153]]

 [[165 152]]

 [[165 147]]

 [[166 146]]

 [[166 135]]

 [[165 134]]

 [[165 128]]

 [[164 127]]

 [[164 124]]

 [[163 123]]

 [[163 121]]

 [[162 120]]

 [[162 118]]

 [[161 117]]

 [[161 115]]

 [[159 113]]

 [[159 111]]

 [[158 110]]

 [[158 109]]

 [[156 107]]

 [[156 106]]

 [[154 104]]

 [[154 103]]

 [[151 100]]

 [[151  99]]

 [[145  93]]

 [[144  93]]

 [[140  89]]

 [[139  89]]

 [[137  87]]

 [[136  87]]

 [[135  86]]

 [[134  86]]

 [[133  85]]

 [[132  85]]

 [[131  84]]

 [[130  84]]

 [[129  83]]

 [[127  83]]

 [[126  82]]

 [[125  82]]

 [[124  81]]

 [[122  81]]

 [[121  80]]

 [[118  80]]

 [[117  79]]

 [[112  79]]

 [[111  78]]]
[[[195   8]]

 [[194   9]]

 [[190   9]]

 ..., 
 [[204   9]]

 [[202   9]]

 [[201   8]]]
****************************************************************************************************
edge_im_array_pix nums:228484
contours_img_pix nums:685452
_url_contours num:6
[[[375 241]]

 [[374 242]]

 [[370 242]]

 [[369 243]]

 [[367 243]]

 [[366 244]]

 [[364 244]]

 [[363 245]]

 [[361 245]]

 [[360 246]]

 [[359 246]]

 [[358 247]]

 [[357 247]]

 [[355 249]]

 [[354 249]]

 [[350 253]]

 [[349 253]]

 [[345 257]]

 [[345 258]]

 [[342 261]]

 [[342 262]]

 [[340 264]]

 [[340 265]]

 [[339 266]]

 [[339 267]]

 [[338 268]]

 [[338 269]]

 [[337 270]]

 [[337 273]]

 [[336 274]]

 [[336 276]]

 [[335 277]]

 [[335 281]]

 [[334 282]]

 [[334 295]]

 [[335 296]]

 [[335 300]]

 [[336 301]]

 [[336 303]]

 [[337 304]]

 [[337 306]]

 [[338 307]]

 [[338 309]]

 [[339 310]]

 [[339 311]]

 [[341 313]]

 [[341 314]]

 [[343 316]]

 [[343 317]]

 [[353 327]]

 [[354 327]]

 [[356 329]]

 [[357 329]]

 [[358 330]]

 [[359 330]]

 [[360 331]]

 [[361 331]]

 [[362 332]]

 [[364 332]]

 [[365 333]]

 [[366 333]]

 [[367 334]]

 [[370 334]]

 [[371 335]]

 [[376 335]]

 [[377 336]]

 [[386 336]]

 [[387 335]]

 [[392 335]]

 [[393 334]]

 [[395 334]]

 [[396 333]]

 [[398 333]]

 [[399 332]]

 [[400 332]]

 [[401 331]]

 [[403 331]]

 [[404 330]]

 [[405 330]]

 [[407 328]]

 [[408 328]]

 [[410 326]]

 [[411 326]]

 [[418 319]]

 [[418 318]]

 [[421 315]]

 [[421 314]]

 [[422 313]]

 [[422 312]]

 [[423 311]]

 [[423 310]]

 [[424 309]]

 [[424 308]]

 [[425 307]]

 [[425 306]]

 [[426 305]]

 [[426 303]]

 [[427 302]]

 [[427 299]]

 [[428 298]]

 [[428 291]]

 [[429 290]]

 [[427 288]]

 [[416 288]]

 [[415 289]]

 [[415 291]]

 [[414 292]]

 [[414 297]]

 [[413 298]]

 [[413 300]]

 [[412 301]]

 [[412 302]]

 [[411 303]]

 [[411 304]]

 [[409 306]]

 [[409 307]]

 [[400 316]]

 [[399 316]]

 [[397 318]]

 [[396 318]]

 [[395 319]]

 [[394 319]]

 [[393 320]]

 [[391 320]]

 [[390 321]]

 [[386 321]]

 [[385 322]]

 [[377 322]]

 [[376 321]]

 [[372 321]]

 [[371 320]]

 [[369 320]]

 [[367 318]]

 [[366 318]]

 [[365 317]]

 [[364 317]]

 [[362 315]]

 [[361 315]]

 [[354 308]]

 [[354 307]]

 [[352 305]]

 [[352 304]]

 [[351 303]]

 [[351 301]]

 [[349 299]]

 [[349 296]]

 [[348 295]]

 [[348 282]]

 [[349 281]]

 [[349 278]]

 [[350 277]]

 [[350 276]]

 [[351 275]]

 [[351 274]]

 [[352 273]]

 [[352 272]]

 [[354 270]]

 [[354 269]]

 [[362 261]]

 [[363 261]]

 [[365 259]]

 [[366 259]]

 [[367 258]]

 [[368 258]]

 [[369 257]]

 [[371 257]]

 [[372 256]]

 [[375 256]]

 [[376 255]]

 [[475 255]]

 [[476 256]]

 [[476 255]]

 [[376 255]]

 [[375 256]]

 [[372 256]]

 [[371 257]]

 [[369 257]]

 [[368 258]]

 [[366 258]]

 [[365 259]]

 [[364 259]]

 [[362 261]]

 [[361 261]]

 [[354 268]]

 [[354 269]]

 [[352 271]]

 [[352 272]]

 [[351 273]]

 [[351 275]]

 [[350 276]]

 [[350 277]]

 [[349 278]]

 [[349 281]]

 [[348 282]]

 [[348 295]]

 [[349 296]]

 [[349 299]]

 [[350 300]]

 [[350 301]]

 [[351 302]]

 [[351 304]]

 [[352 305]]

 [[352 306]]

 [[354 308]]

 [[354 309]]

 [[360 315]]

 [[361 315]]

 [[363 317]]

 [[364 317]]

 [[365 318]]

 [[366 318]]

 [[367 319]]

 [[368 319]]

 [[369 320]]

 [[371 320]]

 [[372 321]]

 [[376 321]]

 [[377 322]]

 [[385 322]]

 [[386 321]]

 [[390 321]]

 [[391 320]]

 [[394 320]]

 [[395 319]]

 [[396 319]]

 [[397 318]]

 [[398 318]]

 [[400 316]]

 [[401 316]]

 [[409 308]]

 [[409 307]]

 [[411 305]]

 [[411 303]]

 [[412 302]]

 [[412 301]]

 [[413 300]]

 [[413 298]]

 [[414 297]]

 [[414 292]]

 [[415 291]]

 [[415 289]]

 [[416 288]]

 [[427 288]]

 [[429 290]]

 [[428 291]]

 [[428 298]]

 [[427 299]]

 [[427 302]]

 [[426 303]]

 [[426 305]]

 [[425 306]]

 [[425 307]]

 [[423 309]]

 [[423 310]]

 [[422 311]]

 [[422 312]]

 [[421 313]]

 [[421 314]]

 [[418 317]]

 [[418 318]]

 [[410 326]]

 [[409 326]]

 [[407 328]]

 [[406 328]]

 [[404 330]]

 [[403 330]]

 [[402 331]]

 [[401 331]]

 [[400 332]]

 [[399 332]]

 [[398 333]]

 [[396 333]]

 [[395 334]]

 [[393 334]]

 [[392 335]]

 [[387 335]]

 [[386 336]]

 [[377 336]]

 [[376 335]]

 [[371 335]]

 [[370 334]]

 [[367 334]]

 [[366 333]]

 [[365 333]]

 [[364 332]]

 [[362 332]]

 [[360 330]]

 [[359 330]]

 [[358 329]]

 [[357 329]]

 [[355 327]]

 [[354 327]]

 [[343 316]]

 [[343 315]]

 [[341 313]]

 [[341 312]]

 [[339 310]]

 [[339 309]]

 [[338 308]]

 [[338 307]]

 [[337 306]]

 [[337 304]]

 [[336 303]]

 [[336 301]]

 [[335 300]]

 [[335 296]]

 [[334 295]]

 [[334 282]]

 [[335 281]]

 [[335 277]]

 [[336 276]]

 [[336 274]]

 [[337 273]]

 [[337 271]]

 [[338 270]]

 [[338 269]]

 [[339 268]]

 [[339 267]]

 [[340 266]]

 [[340 265]]

 [[342 263]]

 [[342 262]]

 [[345 259]]

 [[345 258]]

 [[350 253]]

 [[351 253]]

 [[355 249]]

 [[356 249]]

 [[358 247]]

 [[359 247]]

 [[360 246]]

 [[361 246]]

 [[362 245]]

 [[363 245]]

 [[364 244]]

 [[366 244]]

 [[367 243]]

 [[369 243]]

 [[370 242]]

 [[374 242]]

 [[375 241]]

 [[476 241]]]
[[[476 225]]]
[[[239 152]]

 [[238 153]]

 [[235 153]]

 [[234 154]]

 [[232 154]]

 [[231 155]]

 [[229 155]]

 [[228 156]]

 [[227 156]]

 [[225 158]]

 [[224 158]]

 [[218 164]]

 [[218 165]]

 [[217 166]]

 [[217 167]]

 [[216 168]]

 [[216 169]]

 [[215 170]]

 [[215 171]]

 [[214 172]]

 [[214 175]]

 [[213 176]]

 [[213 188]]

 [[214 189]]

 [[214 191]]

 [[215 192]]

 [[215 194]]

 [[216 195]]

 [[216 196]]

 [[217 197]]

 [[217 198]]

 [[219 200]]

 [[219 201]]

 [[223 205]]

 [[224 205]]

 [[227 208]]

 [[228 208]]

 [[230 210]]

 [[230 211]]

 [[229 212]]

 [[229 223]]

 [[228 224]]

 [[228 236]]

 [[227 237]]

 [[227 250]]

 [[226 251]]

 [[226 262]]

 [[225 263]]

 [[225 275]]

 [[224 276]]

 [[224 288]]

 [[223 289]]

 [[223 300]]

 [[222 301]]

 [[222 313]]

 [[221 314]]

 [[221 326]]

 [[220 327]]

 [[220 339]]

 [[219 340]]

 [[219 352]]

 [[266 352]]

 [[266 345]]

 [[265 344]]

 [[265 334]]

 [[264 333]]

 [[264 323]]

 [[263 322]]

 [[263 311]]

 [[262 310]]

 [[262 301]]

 [[261 300]]

 [[261 289]]

 [[260 288]]

 [[260 278]]

 [[259 277]]

 [[259 267]]

 [[258 266]]

 [[258 256]]

 [[257 255]]

 [[257 245]]

 [[256 244]]

 [[256 234]]

 [[255 233]]

 [[255 222]]

 [[254 221]]

 [[254 210]]

 [[256 208]]

 [[257 208]]

 [[258 207]]

 [[259 207]]

 [[262 204]]

 [[263 204]]

 [[265 202]]

 [[265 201]]

 [[267 199]]

 [[267 198]]

 [[269 196]]

 [[269 194]]

 [[270 193]]

 [[270 192]]

 [[271 191]]

 [[271 188]]

 [[272 187]]

 [[272 177]]

 [[271 176]]

 [[271 173]]

 [[270 172]]

 [[270 171]]

 [[269 170]]

 [[269 168]]

 [[268 167]]

 [[268 166]]

 [[265 163]]

 [[265 162]]

 [[262 159]]

 [[261 159]]

 [[258 156]]

 [[257 156]]

 [[256 155]]

 [[254 155]]

 [[253 154]]

 [[251 154]]

 [[250 153]]

 [[246 153]]

 [[245 152]]]
[[[372  78]]

 [[371  79]]

 [[366  79]]

 [[365  80]]

 [[363  80]]

 [[362  81]]

 [[360  81]]

 [[359  82]]

 [[357  82]]

 [[356  83]]

 [[354  83]]

 [[353  84]]

 [[352  84]]

 [[351  85]]

 [[350  85]]

 [[349  86]]

 [[348  86]]

 [[346  88]]

 [[345  88]]

 [[343  90]]

 [[342  90]]

 [[330 102]]

 [[330 103]]

 [[328 105]]

 [[328 106]]

 [[326 108]]

 [[326 109]]

 [[325 110]]

 [[325 111]]

 [[324 112]]

 [[324 113]]

 [[323 114]]

 [[323 115]]

 [[322 116]]

 [[322 118]]

 [[321 119]]

 [[321 121]]

 [[320 122]]

 [[320 124]]

 [[319 125]]

 [[319 129]]

 [[318 130]]

 [[318 139]]

 [[317 140]]

 [[318 141]]

 [[318 151]]

 [[319 152]]

 [[319 155]]

 [[320 156]]

 [[320 159]]

 [[321 160]]

 [[321 162]]

 [[322 163]]

 [[322 164]]

 [[323 165]]

 [[323 167]]

 [[324 168]]

 [[324 169]]

 [[325 170]]

 [[325 171]]

 [[326 172]]

 [[326 173]]

 [[328 175]]

 [[328 176]]

 [[331 179]]

 [[331 180]]

 [[341 190]]

 [[342 190]]

 [[344 192]]

 [[345 192]]

 [[347 194]]

 [[348 194]]

 [[349 195]]

 [[350 195]]

 [[351 196]]

 [[352 196]]

 [[353 197]]

 [[354 197]]

 [[355 198]]

 [[357 198]]

 [[358 199]]

 [[359 199]]

 [[360 200]]

 [[362 200]]

 [[363 201]]

 [[367 201]]

 [[368 202]]

 [[373 202]]

 [[374 203]]

 [[386 203]]

 [[387 202]]

 [[392 202]]

 [[393 201]]

 [[396 201]]

 [[397 200]]

 [[400 200]]

 [[401 199]]

 [[402 199]]

 [[403 198]]

 [[405 198]]

 [[406 197]]

 [[407 197]]

 [[408 196]]

 [[409 196]]

 [[410 195]]

 [[411 195]]

 [[412 194]]

 [[413 194]]

 [[415 192]]

 [[416 192]]

 [[419 189]]

 [[420 189]]

 [[428 181]]

 [[428 180]]

 [[429 179]]

 [[429 177]]

 [[426 174]]

 [[425 174]]

 [[422 171]]

 [[421 171]]

 [[420 170]]

 [[418 170]]

 [[408 180]]

 [[407 180]]

 [[405 182]]

 [[404 182]]

 [[403 183]]

 [[402 183]]

 [[400 185]]

 [[398 185]]

 [[397 186]]

 [[396 186]]

 [[395 187]]

 [[392 187]]

 [[391 188]]

 [[387 188]]

 [[386 189]]

 [[374 189]]

 [[373 188]]

 [[369 188]]

 [[368 187]]

 [[365 187]]

 [[364 186]]

 [[362 186]]

 [[360 184]]

 [[359 184]]

 [[358 183]]

 [[357 183]]

 [[356 182]]

 [[355 182]]

 [[353 180]]

 [[352 180]]

 [[349 177]]

 [[348 177]]

 [[344 173]]

 [[344 172]]

 [[340 168]]

 [[340 167]]

 [[338 165]]

 [[338 164]]

 [[336 162]]

 [[336 160]]

 [[335 159]]

 [[335 158]]

 [[334 157]]

 [[334 155]]

 [[333 154]]

 [[333 151]]

 [[332 150]]

 [[332 143]]

 [[331 142]]

 [[332 141]]

 [[332 140]]

 [[331 139]]

 [[332 138]]

 [[332 131]]

 [[333 130]]

 [[333 127]]

 [[334 126]]

 [[334 124]]

 [[335 123]]

 [[335 122]]

 [[336 121]]

 [[336 120]]

 [[337 119]]

 [[337 118]]

 [[338 117]]

 [[338 116]]

 [[339 115]]

 [[339 114]]

 [[342 111]]

 [[342 110]]

 [[349 103]]

 [[350 103]]

 [[353 100]]

 [[354 100]]

 [[356  98]]

 [[357  98]]

 [[358  97]]

 [[359  97]]

 [[360  96]]

 [[361  96]]

 [[362  95]]

 [[363  95]]

 [[364  94]]

 [[367  94]]

 [[368  93]]

 [[371  93]]

 [[372  92]]

 [[379  92]]

 [[380  91]]

 [[380  78]]]
[[[104  78]]

 [[104  92]]

 [[111  92]]

 [[112  93]]

 [[116  93]]

 [[117  94]]

 [[119  94]]

 [[120  95]]

 [[121  95]]

 [[122  96]]

 [[123  96]]

 [[124  97]]

 [[125  97]]

 [[126  98]]

 [[127  98]]

 [[128  99]]

 [[129  99]]

 [[132 102]]

 [[133 102]]

 [[142 111]]

 [[142 112]]

 [[144 114]]

 [[144 115]]

 [[146 117]]

 [[146 118]]

 [[147 119]]

 [[147 120]]

 [[148 121]]

 [[148 122]]

 [[149 123]]

 [[149 125]]

 [[150 126]]

 [[150 128]]

 [[151 129]]

 [[151 134]]

 [[152 135]]

 [[152 146]]

 [[151 147]]

 [[151 152]]

 [[150 153]]

 [[150 155]]

 [[149 156]]

 [[149 158]]

 [[148 159]]

 [[148 160]]

 [[147 161]]

 [[147 162]]

 [[145 164]]

 [[145 165]]

 [[144 166]]

 [[144 167]]

 [[141 170]]

 [[141 171]]

 [[133 179]]

 [[132 179]]

 [[130 181]]

 [[129 181]]

 [[127 183]]

 [[126 183]]

 [[125 184]]

 [[124 184]]

 [[123 185]]

 [[122 185]]

 [[121 186]]

 [[119 186]]

 [[118 187]]

 [[116 187]]

 [[115 188]]

 [[110 188]]

 [[109 189]]

 [[ 97 189]]

 [[ 96 188]]

 [[ 92 188]]

 [[ 91 187]]

 [[ 89 187]]

 [[ 88 186]]

 [[ 86 186]]

 [[ 85 185]]

 [[ 84 185]]

 [[ 83 184]]

 [[ 82 184]]

 [[ 81 183]]

 [[ 80 183]]

 [[ 78 181]]

 [[ 77 181]]

 [[ 75 179]]

 [[ 74 179]]

 [[ 65 170]]

 [[ 63 170]]

 [[ 61 172]]

 [[ 60 172]]

 [[ 57 175]]

 [[ 56 175]]

 [[ 54 177]]

 [[ 54 179]]

 [[ 58 183]]

 [[ 58 184]]

 [[ 61 187]]

 [[ 62 187]]

 [[ 66 191]]

 [[ 67 191]]

 [[ 69 193]]

 [[ 70 193]]

 [[ 72 195]]

 [[ 73 195]]

 [[ 74 196]]

 [[ 76 196]]

 [[ 78 198]]

 [[ 80 198]]

 [[ 81 199]]

 [[ 83 199]]

 [[ 84 200]]

 [[ 86 200]]

 [[ 87 201]]

 [[ 90 201]]

 [[ 91 202]]

 [[ 96 202]]

 [[ 97 203]]

 [[109 203]]

 [[110 202]]

 [[116 202]]

 [[117 201]]

 [[120 201]]

 [[121 200]]

 [[123 200]]

 [[124 199]]

 [[126 199]]

 [[127 198]]

 [[129 198]]

 [[130 197]]

 [[131 197]]

 [[132 196]]

 [[133 196]]

 [[134 195]]

 [[135 195]]

 [[137 193]]

 [[138 193]]

 [[141 190]]

 [[142 190]]

 [[153 179]]

 [[153 178]]

 [[156 175]]

 [[156 174]]

 [[157 173]]

 [[157 172]]

 [[159 170]]

 [[159 169]]

 [[160 168]]

 [[160 166]]

 [[161 165]]

 [[161 164]]

 [[162 163]]

 [[162 161]]

 [[163 160]]

 [[163 158]]

 [[164 157]]

 [[164 153]]

 [[165 152]]

 [[165 147]]

 [[166 146]]

 [[166 135]]

 [[165 134]]

 [[165 128]]

 [[164 127]]

 [[164 124]]

 [[163 123]]

 [[163 121]]

 [[162 120]]

 [[162 118]]

 [[161 117]]

 [[161 115]]

 [[159 113]]

 [[159 111]]

 [[158 110]]

 [[158 109]]

 [[156 107]]

 [[156 106]]

 [[154 104]]

 [[154 103]]

 [[151 100]]

 [[151  99]]

 [[145  93]]

 [[144  93]]

 [[140  89]]

 [[139  89]]

 [[137  87]]

 [[136  87]]

 [[135  86]]

 [[134  86]]

 [[133  85]]

 [[132  85]]

 [[131  84]]

 [[130  84]]

 [[129  83]]

 [[127  83]]

 [[126  82]]

 [[125  82]]

 [[124  81]]

 [[122  81]]

 [[121  80]]

 [[118  80]]

 [[117  79]]

 [[112  79]]

 [[111  78]]]
[[[195   8]]

 [[194   9]]

 [[190   9]]

 ..., 
 [[204   9]]

 [[202   9]]

 [[201   8]]]
****************************************************************************************************
